[0.843s] DEBUG:colcon:Command line arguments: ['/usr/bin/colcon', 'build']
[0.843s] DEBUG:colcon:Parsed command line arguments: Namespace(log_base=None, log_level=None, verb_name='build', build_base='build', install_base='install', merge_install=False, symlink_install=False, test_result_base=None, continue_on_error=False, executor='parallel', parallel_workers=32, event_handlers=None, ignore_user_meta=False, metas=['./colcon.meta'], base_paths=['.'], packages_ignore=None, packages_ignore_regex=None, paths=None, packages_up_to=None, packages_up_to_regex=None, packages_above=None, packages_above_and_dependencies=None, packages_above_depth=None, packages_select_by_dep=None, packages_skip_by_dep=None, packages_skip_up_to=None, packages_select_build_failed=False, packages_skip_build_finished=False, packages_select_test_failures=False, packages_skip_test_passed=False, packages_select=None, packages_skip=None, packages_select_regex=None, packages_skip_regex=None, packages_start=None, packages_end=None, allow_overriding=[], cmake_args=None, cmake_target=None, cmake_target_skip_unavailable=False, cmake_clean_cache=False, cmake_clean_first=False, cmake_force_configure=False, ament_cmake_args=None, catkin_cmake_args=None, catkin_skip_building_tests=False, verb_parser=<colcon_defaults.argument_parser.defaults.DefaultArgumentsDecorator object at 0x7f62d1644c40>, verb_extension=<colcon_core.verb.build.BuildVerb object at 0x7f62d1644760>, main=<bound method BuildVerb.main of <colcon_core.verb.build.BuildVerb object at 0x7f62d1644760>>)
[0.886s] Level 1:colcon.colcon_core.package_discovery:discover_packages(colcon_meta) check parameters
[0.886s] Level 1:colcon.colcon_core.package_discovery:discover_packages(recursive) check parameters
[0.886s] Level 1:colcon.colcon_core.package_discovery:discover_packages(ignore) check parameters
[0.886s] Level 1:colcon.colcon_core.package_discovery:discover_packages(path) check parameters
[0.886s] Level 1:colcon.colcon_core.package_discovery:discover_packages(colcon_meta) discover
[0.887s] Level 1:colcon.colcon_core.package_discovery:discover_packages(recursive) discover
[0.887s] INFO:colcon.colcon_core.package_discovery:Crawling recursively for packages in '/home/mili/Marvin/ros2_ws'
[0.887s] Level 1:colcon.colcon_core.package_identification:_identify(.) by extensions ['ignore', 'ignore_ament_install']
[0.887s] Level 1:colcon.colcon_core.package_identification:_identify(.) by extension 'ignore'
[0.887s] Level 1:colcon.colcon_core.package_identification:_identify(.) by extension 'ignore_ament_install'
[0.887s] Level 1:colcon.colcon_core.package_identification:_identify(.) by extensions ['colcon_pkg']
[0.887s] Level 1:colcon.colcon_core.package_identification:_identify(.) by extension 'colcon_pkg'
[0.887s] Level 1:colcon.colcon_core.package_identification:_identify(.) by extensions ['colcon_meta']
[0.887s] Level 1:colcon.colcon_core.package_identification:_identify(.) by extension 'colcon_meta'
[0.887s] Level 1:colcon.colcon_core.package_identification:_identify(.) by extensions ['ros']
[0.887s] Level 1:colcon.colcon_core.package_identification:_identify(.) by extension 'ros'
[0.901s] Level 1:colcon.colcon_core.package_identification:_identify(.) by extensions ['cmake', 'python']
[0.901s] Level 1:colcon.colcon_core.package_identification:_identify(.) by extension 'cmake'
[0.901s] Level 1:colcon.colcon_core.package_identification:_identify(.) by extension 'python'
[0.901s] Level 1:colcon.colcon_core.package_identification:_identify(.) by extensions ['python_setup_py']
[0.901s] Level 1:colcon.colcon_core.package_identification:_identify(.) by extension 'python_setup_py'
[0.902s] Level 1:colcon.colcon_core.package_identification:_identify(build) by extensions ['ignore', 'ignore_ament_install']
[0.902s] Level 1:colcon.colcon_core.package_identification:_identify(build) by extension 'ignore'
[0.902s] Level 1:colcon.colcon_core.package_identification:_identify(build) ignored
[0.902s] Level 1:colcon.colcon_core.package_identification:_identify(install) by extensions ['ignore', 'ignore_ament_install']
[0.902s] Level 1:colcon.colcon_core.package_identification:_identify(install) by extension 'ignore'
[0.902s] Level 1:colcon.colcon_core.package_identification:_identify(install) ignored
[0.902s] Level 1:colcon.colcon_core.package_identification:_identify(log) by extensions ['ignore', 'ignore_ament_install']
[0.902s] Level 1:colcon.colcon_core.package_identification:_identify(log) by extension 'ignore'
[0.902s] Level 1:colcon.colcon_core.package_identification:_identify(log) ignored
[0.902s] Level 1:colcon.colcon_core.package_identification:_identify(src) by extensions ['ignore', 'ignore_ament_install']
[0.902s] Level 1:colcon.colcon_core.package_identification:_identify(src) by extension 'ignore'
[0.902s] Level 1:colcon.colcon_core.package_identification:_identify(src) by extension 'ignore_ament_install'
[0.902s] Level 1:colcon.colcon_core.package_identification:_identify(src) by extensions ['colcon_pkg']
[0.902s] Level 1:colcon.colcon_core.package_identification:_identify(src) by extension 'colcon_pkg'
[0.902s] Level 1:colcon.colcon_core.package_identification:_identify(src) by extensions ['colcon_meta']
[0.902s] Level 1:colcon.colcon_core.package_identification:_identify(src) by extension 'colcon_meta'
[0.902s] Level 1:colcon.colcon_core.package_identification:_identify(src) by extensions ['ros']
[0.902s] Level 1:colcon.colcon_core.package_identification:_identify(src) by extension 'ros'
[0.902s] Level 1:colcon.colcon_core.package_identification:_identify(src) by extensions ['cmake', 'python']
[0.903s] Level 1:colcon.colcon_core.package_identification:_identify(src) by extension 'cmake'
[0.903s] Level 1:colcon.colcon_core.package_identification:_identify(src) by extension 'python'
[0.903s] Level 1:colcon.colcon_core.package_identification:_identify(src) by extensions ['python_setup_py']
[0.903s] Level 1:colcon.colcon_core.package_identification:_identify(src) by extension 'python_setup_py'
[0.903s] Level 1:colcon.colcon_core.package_identification:_identify(src/custom_interfaces) by extensions ['ignore', 'ignore_ament_install']
[0.903s] Level 1:colcon.colcon_core.package_identification:_identify(src/custom_interfaces) by extension 'ignore'
[0.903s] Level 1:colcon.colcon_core.package_identification:_identify(src/custom_interfaces) by extension 'ignore_ament_install'
[0.903s] Level 1:colcon.colcon_core.package_identification:_identify(src/custom_interfaces) by extensions ['colcon_pkg']
[0.903s] Level 1:colcon.colcon_core.package_identification:_identify(src/custom_interfaces) by extension 'colcon_pkg'
[0.903s] Level 1:colcon.colcon_core.package_identification:_identify(src/custom_interfaces) by extensions ['colcon_meta']
[0.903s] Level 1:colcon.colcon_core.package_identification:_identify(src/custom_interfaces) by extension 'colcon_meta'
[0.903s] Level 1:colcon.colcon_core.package_identification:_identify(src/custom_interfaces) by extensions ['ros']
[0.903s] Level 1:colcon.colcon_core.package_identification:_identify(src/custom_interfaces) by extension 'ros'
[0.904s] DEBUG:colcon.colcon_core.package_identification:Package 'src/custom_interfaces' with type 'ros.ament_cmake' and name 'custom_interfaces'
[0.905s] Level 1:colcon.colcon_core.package_identification:_identify(src/marvin) by extensions ['ignore', 'ignore_ament_install']
[0.905s] Level 1:colcon.colcon_core.package_identification:_identify(src/marvin) by extension 'ignore'
[0.905s] Level 1:colcon.colcon_core.package_identification:_identify(src/marvin) by extension 'ignore_ament_install'
[0.905s] Level 1:colcon.colcon_core.package_identification:_identify(src/marvin) by extensions ['colcon_pkg']
[0.905s] Level 1:colcon.colcon_core.package_identification:_identify(src/marvin) by extension 'colcon_pkg'
[0.905s] Level 1:colcon.colcon_core.package_identification:_identify(src/marvin) by extensions ['colcon_meta']
[0.905s] Level 1:colcon.colcon_core.package_identification:_identify(src/marvin) by extension 'colcon_meta'
[0.905s] Level 1:colcon.colcon_core.package_identification:_identify(src/marvin) by extensions ['ros']
[0.905s] Level 1:colcon.colcon_core.package_identification:_identify(src/marvin) by extension 'ros'
[0.905s] DEBUG:colcon.colcon_core.package_identification:Package 'src/marvin' with type 'ros.ament_python' and name 'marvin'
[0.905s] Level 1:colcon.colcon_core.package_identification:_identify(src/py_pubsub) by extensions ['ignore', 'ignore_ament_install']
[0.905s] Level 1:colcon.colcon_core.package_identification:_identify(src/py_pubsub) by extension 'ignore'
[0.905s] Level 1:colcon.colcon_core.package_identification:_identify(src/py_pubsub) by extension 'ignore_ament_install'
[0.905s] Level 1:colcon.colcon_core.package_identification:_identify(src/py_pubsub) by extensions ['colcon_pkg']
[0.905s] Level 1:colcon.colcon_core.package_identification:_identify(src/py_pubsub) by extension 'colcon_pkg'
[0.905s] Level 1:colcon.colcon_core.package_identification:_identify(src/py_pubsub) by extensions ['colcon_meta']
[0.905s] Level 1:colcon.colcon_core.package_identification:_identify(src/py_pubsub) by extension 'colcon_meta'
[0.906s] Level 1:colcon.colcon_core.package_identification:_identify(src/py_pubsub) by extensions ['ros']
[0.906s] Level 1:colcon.colcon_core.package_identification:_identify(src/py_pubsub) by extension 'ros'
[0.906s] DEBUG:colcon.colcon_core.package_identification:Package 'src/py_pubsub' with type 'ros.ament_python' and name 'py_pubsub'
[0.906s] Level 1:colcon.colcon_core.package_discovery:discover_packages(recursive) using defaults
[0.906s] Level 1:colcon.colcon_core.package_discovery:discover_packages(ignore) discover
[0.906s] Level 1:colcon.colcon_core.package_discovery:discover_packages(ignore) using defaults
[0.906s] Level 1:colcon.colcon_core.package_discovery:discover_packages(path) discover
[0.906s] Level 1:colcon.colcon_core.package_discovery:discover_packages(path) using defaults
[0.984s] Level 1:colcon.colcon_core.package_discovery:discover_packages(prefix_path) check parameters
[0.984s] Level 1:colcon.colcon_core.package_discovery:discover_packages(prefix_path) discover
[1.012s] DEBUG:colcon.colcon_installed_package_information.package_discovery:Found 309 installed packages in /opt/ros/humble
[1.013s] Level 1:colcon.colcon_core.package_discovery:discover_packages(prefix_path) using defaults
[1.077s] Level 5:colcon.colcon_core.verb:set package 'custom_interfaces' build argument 'cmake_args' from command line to 'None'
[1.077s] Level 5:colcon.colcon_core.verb:set package 'custom_interfaces' build argument 'cmake_target' from command line to 'None'
[1.077s] Level 5:colcon.colcon_core.verb:set package 'custom_interfaces' build argument 'cmake_target_skip_unavailable' from command line to 'False'
[1.077s] Level 5:colcon.colcon_core.verb:set package 'custom_interfaces' build argument 'cmake_clean_cache' from command line to 'False'
[1.077s] Level 5:colcon.colcon_core.verb:set package 'custom_interfaces' build argument 'cmake_clean_first' from command line to 'False'
[1.077s] Level 5:colcon.colcon_core.verb:set package 'custom_interfaces' build argument 'cmake_force_configure' from command line to 'False'
[1.077s] Level 5:colcon.colcon_core.verb:set package 'custom_interfaces' build argument 'ament_cmake_args' from command line to 'None'
[1.077s] Level 5:colcon.colcon_core.verb:set package 'custom_interfaces' build argument 'catkin_cmake_args' from command line to 'None'
[1.077s] Level 5:colcon.colcon_core.verb:set package 'custom_interfaces' build argument 'catkin_skip_building_tests' from command line to 'False'
[1.077s] DEBUG:colcon.colcon_core.verb:Building package 'custom_interfaces' with the following arguments: {'ament_cmake_args': None, 'build_base': '/home/mili/Marvin/ros2_ws/build/custom_interfaces', 'catkin_cmake_args': None, 'catkin_skip_building_tests': False, 'cmake_args': None, 'cmake_clean_cache': False, 'cmake_clean_first': False, 'cmake_force_configure': False, 'cmake_target': None, 'cmake_target_skip_unavailable': False, 'install_base': '/home/mili/Marvin/ros2_ws/install/custom_interfaces', 'merge_install': False, 'path': '/home/mili/Marvin/ros2_ws/src/custom_interfaces', 'symlink_install': False, 'test_result_base': None}
[1.090s] Level 5:colcon.colcon_core.verb:set package 'marvin' build argument 'cmake_args' from command line to 'None'
[1.090s] Level 5:colcon.colcon_core.verb:set package 'marvin' build argument 'cmake_target' from command line to 'None'
[1.090s] Level 5:colcon.colcon_core.verb:set package 'marvin' build argument 'cmake_target_skip_unavailable' from command line to 'False'
[1.090s] Level 5:colcon.colcon_core.verb:set package 'marvin' build argument 'cmake_clean_cache' from command line to 'False'
[1.091s] Level 5:colcon.colcon_core.verb:set package 'marvin' build argument 'cmake_clean_first' from command line to 'False'
[1.091s] Level 5:colcon.colcon_core.verb:set package 'marvin' build argument 'cmake_force_configure' from command line to 'False'
[1.091s] Level 5:colcon.colcon_core.verb:set package 'marvin' build argument 'ament_cmake_args' from command line to 'None'
[1.091s] Level 5:colcon.colcon_core.verb:set package 'marvin' build argument 'catkin_cmake_args' from command line to 'None'
[1.091s] Level 5:colcon.colcon_core.verb:set package 'marvin' build argument 'catkin_skip_building_tests' from command line to 'False'
[1.091s] DEBUG:colcon.colcon_core.verb:Building package 'marvin' with the following arguments: {'ament_cmake_args': None, 'build_base': '/home/mili/Marvin/ros2_ws/build/marvin', 'catkin_cmake_args': None, 'catkin_skip_building_tests': False, 'cmake_args': None, 'cmake_clean_cache': False, 'cmake_clean_first': False, 'cmake_force_configure': False, 'cmake_target': None, 'cmake_target_skip_unavailable': False, 'install_base': '/home/mili/Marvin/ros2_ws/install/marvin', 'merge_install': False, 'path': '/home/mili/Marvin/ros2_ws/src/marvin', 'symlink_install': False, 'test_result_base': None}
[1.104s] Level 5:colcon.colcon_core.verb:set package 'py_pubsub' build argument 'cmake_args' from command line to 'None'
[1.104s] Level 5:colcon.colcon_core.verb:set package 'py_pubsub' build argument 'cmake_target' from command line to 'None'
[1.104s] Level 5:colcon.colcon_core.verb:set package 'py_pubsub' build argument 'cmake_target_skip_unavailable' from command line to 'False'
[1.104s] Level 5:colcon.colcon_core.verb:set package 'py_pubsub' build argument 'cmake_clean_cache' from command line to 'False'
[1.104s] Level 5:colcon.colcon_core.verb:set package 'py_pubsub' build argument 'cmake_clean_first' from command line to 'False'
[1.104s] Level 5:colcon.colcon_core.verb:set package 'py_pubsub' build argument 'cmake_force_configure' from command line to 'False'
[1.104s] Level 5:colcon.colcon_core.verb:set package 'py_pubsub' build argument 'ament_cmake_args' from command line to 'None'
[1.104s] Level 5:colcon.colcon_core.verb:set package 'py_pubsub' build argument 'catkin_cmake_args' from command line to 'None'
[1.104s] Level 5:colcon.colcon_core.verb:set package 'py_pubsub' build argument 'catkin_skip_building_tests' from command line to 'False'
[1.104s] DEBUG:colcon.colcon_core.verb:Building package 'py_pubsub' with the following arguments: {'ament_cmake_args': None, 'build_base': '/home/mili/Marvin/ros2_ws/build/py_pubsub', 'catkin_cmake_args': None, 'catkin_skip_building_tests': False, 'cmake_args': None, 'cmake_clean_cache': False, 'cmake_clean_first': False, 'cmake_force_configure': False, 'cmake_target': None, 'cmake_target_skip_unavailable': False, 'install_base': '/home/mili/Marvin/ros2_ws/install/py_pubsub', 'merge_install': False, 'path': '/home/mili/Marvin/ros2_ws/src/py_pubsub', 'symlink_install': False, 'test_result_base': None}
[1.117s] INFO:colcon.colcon_core.executor:Executing jobs using 'parallel' executor
[1.131s] DEBUG:colcon.colcon_parallel_executor.executor.parallel:run_until_complete
[1.131s] INFO:colcon.colcon_ros.task.ament_cmake.build:Building ROS package in '/home/mili/Marvin/ros2_ws/src/custom_interfaces' with build type 'ament_cmake'
[1.131s] INFO:colcon.colcon_cmake.task.cmake.build:Building CMake package in '/home/mili/Marvin/ros2_ws/src/custom_interfaces'
[1.145s] INFO:colcon.colcon_core.plugin_system:Skipping extension 'colcon_core.shell.bat': Not used on non-Windows systems
[1.146s] INFO:colcon.colcon_core.shell:Skip shell extension 'powershell' for command environment: Not usable outside of PowerShell
[1.146s] DEBUG:colcon.colcon_core.shell:Skip shell extension 'dsv' for command environment
[1.174s] INFO:colcon.colcon_ros.task.ament_python.build:Building ROS package in '/home/mili/Marvin/ros2_ws/src/marvin' with build type 'ament_python'
[1.174s] Level 1:colcon.colcon_core.shell:create_environment_hook('marvin', 'ament_prefix_path')
[1.187s] INFO:colcon.colcon_core.shell:Creating environment hook '/home/mili/Marvin/ros2_ws/install/marvin/share/marvin/hook/ament_prefix_path.ps1'
[1.188s] INFO:colcon.colcon_core.shell:Creating environment descriptor '/home/mili/Marvin/ros2_ws/install/marvin/share/marvin/hook/ament_prefix_path.dsv'
[1.188s] INFO:colcon.colcon_core.shell:Creating environment hook '/home/mili/Marvin/ros2_ws/install/marvin/share/marvin/hook/ament_prefix_path.sh'
[1.201s] INFO:colcon.colcon_core.shell:Skip shell extension 'powershell' for command environment: Not usable outside of PowerShell
[1.201s] DEBUG:colcon.colcon_core.shell:Skip shell extension 'dsv' for command environment
[1.233s] DEBUG:colcon.colcon_core.event_handler.log_command:Invoking command in '/home/mili/Marvin/ros2_ws/build/custom_interfaces': CMAKE_PREFIX_PATH=/opt/ros/humble DEBUGINFOD_URLS=https://debuginfod.ubuntu.com /usr/bin/cmake --build /home/mili/Marvin/ros2_ws/build/custom_interfaces -- -j32 -l32
[1.372s] INFO:colcon.colcon_core.task.python.build:Building Python package in '/home/mili/Marvin/ros2_ws/src/marvin'
[1.386s] INFO:colcon.colcon_core.shell:Skip shell extension 'powershell' for command environment: Not usable outside of PowerShell
[1.386s] DEBUG:colcon.colcon_core.shell:Skip shell extension 'dsv' for command environment
[1.863s] DEBUG:colcon.colcon_core.event_handler.log_command:Invoking command in '/home/mili/Marvin/ros2_ws/src/marvin': DEBUGINFOD_URLS=https://debuginfod.ubuntu.com PYTHONPATH=/home/mili/Marvin/ros2_ws/build/marvin/prefix_override:/home/mili/Marvin/ros2_ws/install/marvin/lib/python3.10/site-packages:${PYTHONPATH} /usr/bin/python3 setup.py egg_info --egg-base ../../build/marvin build --build-base /home/mili/Marvin/ros2_ws/build/marvin/build install --record /home/mili/Marvin/ros2_ws/build/marvin/install.log --single-version-externally-managed
[2.265s] DEBUG:colcon.colcon_core.event_handler.log_command:Invoked command in '/home/mili/Marvin/ros2_ws/src/marvin' returned '0': DEBUGINFOD_URLS=https://debuginfod.ubuntu.com PYTHONPATH=/home/mili/Marvin/ros2_ws/build/marvin/prefix_override:/home/mili/Marvin/ros2_ws/install/marvin/lib/python3.10/site-packages:${PYTHONPATH} /usr/bin/python3 setup.py egg_info --egg-base ../../build/marvin build --build-base /home/mili/Marvin/ros2_ws/build/marvin/build install --record /home/mili/Marvin/ros2_ws/build/marvin/install.log --single-version-externally-managed
[2.287s] Level 1:colcon.colcon_core.environment:checking '/home/mili/Marvin/ros2_ws/install/marvin' for CMake module files
[2.287s] Level 1:colcon.colcon_core.environment:checking '/home/mili/Marvin/ros2_ws/install/marvin' for CMake config files
[2.288s] Level 1:colcon.colcon_core.environment:checking '/home/mili/Marvin/ros2_ws/install/marvin/lib'
[2.288s] Level 1:colcon.colcon_core.environment:checking '/home/mili/Marvin/ros2_ws/install/marvin/bin'
[2.288s] Level 1:colcon.colcon_core.environment:checking '/home/mili/Marvin/ros2_ws/install/marvin/lib/pkgconfig/marvin.pc'
[2.288s] Level 1:colcon.colcon_core.environment:checking '/home/mili/Marvin/ros2_ws/install/marvin/lib/python3.10/site-packages'
[2.288s] Level 1:colcon.colcon_core.shell:create_environment_hook('marvin', 'pythonpath')
[2.308s] INFO:colcon.colcon_core.shell:Creating environment hook '/home/mili/Marvin/ros2_ws/install/marvin/share/marvin/hook/pythonpath.ps1'
[2.308s] INFO:colcon.colcon_core.shell:Creating environment descriptor '/home/mili/Marvin/ros2_ws/install/marvin/share/marvin/hook/pythonpath.dsv'
[2.309s] INFO:colcon.colcon_core.shell:Creating environment hook '/home/mili/Marvin/ros2_ws/install/marvin/share/marvin/hook/pythonpath.sh'
[2.309s] Level 1:colcon.colcon_core.environment:checking '/home/mili/Marvin/ros2_ws/install/marvin/bin'
[2.309s] Level 1:colcon.colcon_core.environment:create_environment_scripts_only(marvin)
[2.327s] INFO:colcon.colcon_core.shell:Creating package script '/home/mili/Marvin/ros2_ws/install/marvin/share/marvin/package.ps1'
[2.328s] INFO:colcon.colcon_core.shell:Creating package descriptor '/home/mili/Marvin/ros2_ws/install/marvin/share/marvin/package.dsv'
[2.328s] INFO:colcon.colcon_core.shell:Creating package script '/home/mili/Marvin/ros2_ws/install/marvin/share/marvin/package.sh'
[2.328s] INFO:colcon.colcon_core.shell:Creating package script '/home/mili/Marvin/ros2_ws/install/marvin/share/marvin/package.bash'
[2.329s] INFO:colcon.colcon_core.shell:Creating package script '/home/mili/Marvin/ros2_ws/install/marvin/share/marvin/package.zsh'
[2.329s] Level 1:colcon.colcon_core.environment:create_file_with_runtime_dependencies(/home/mili/Marvin/ros2_ws/install/marvin/share/colcon-core/packages/marvin)
[2.838s] DEBUG:colcon.colcon_core.event_handler.log_command:Invoked command in '/home/mili/Marvin/ros2_ws/build/custom_interfaces' returned '0': CMAKE_PREFIX_PATH=/opt/ros/humble DEBUGINFOD_URLS=https://debuginfod.ubuntu.com /usr/bin/cmake --build /home/mili/Marvin/ros2_ws/build/custom_interfaces -- -j32 -l32
[2.892s] DEBUG:colcon.colcon_core.event_handler.log_command:Invoking command in '/home/mili/Marvin/ros2_ws/build/custom_interfaces': CMAKE_PREFIX_PATH=/opt/ros/humble DEBUGINFOD_URLS=https://debuginfod.ubuntu.com /usr/bin/cmake --install /home/mili/Marvin/ros2_ws/build/custom_interfaces
[2.937s] Level 1:colcon.colcon_core.environment:create_environment_scripts_only(custom_interfaces)
[2.937s] DEBUG:colcon.colcon_core.event_handler.log_command:Invoked command in '/home/mili/Marvin/ros2_ws/build/custom_interfaces' returned '0': CMAKE_PREFIX_PATH=/opt/ros/humble DEBUGINFOD_URLS=https://debuginfod.ubuntu.com /usr/bin/cmake --install /home/mili/Marvin/ros2_ws/build/custom_interfaces
[2.951s] Level 1:colcon.colcon_core.environment:checking '/home/mili/Marvin/ros2_ws/install/custom_interfaces' for CMake module files
[2.952s] Level 1:colcon.colcon_core.environment:checking '/home/mili/Marvin/ros2_ws/install/custom_interfaces' for CMake config files
[2.952s] Level 1:colcon.colcon_core.shell:create_environment_hook('custom_interfaces', 'cmake_prefix_path')
[2.966s] INFO:colcon.colcon_core.shell:Creating environment hook '/home/mili/Marvin/ros2_ws/install/custom_interfaces/share/custom_interfaces/hook/cmake_prefix_path.ps1'
[2.966s] INFO:colcon.colcon_core.shell:Creating environment descriptor '/home/mili/Marvin/ros2_ws/install/custom_interfaces/share/custom_interfaces/hook/cmake_prefix_path.dsv'
[2.967s] INFO:colcon.colcon_core.shell:Creating environment hook '/home/mili/Marvin/ros2_ws/install/custom_interfaces/share/custom_interfaces/hook/cmake_prefix_path.sh'
[2.967s] Level 1:colcon.colcon_core.environment:checking '/home/mili/Marvin/ros2_ws/install/custom_interfaces/lib'
[2.967s] Level 1:colcon.colcon_core.shell:create_environment_hook('custom_interfaces', 'ld_library_path_lib')
[2.981s] INFO:colcon.colcon_core.shell:Creating environment hook '/home/mili/Marvin/ros2_ws/install/custom_interfaces/share/custom_interfaces/hook/ld_library_path_lib.ps1'
[2.981s] INFO:colcon.colcon_core.shell:Creating environment descriptor '/home/mili/Marvin/ros2_ws/install/custom_interfaces/share/custom_interfaces/hook/ld_library_path_lib.dsv'
[2.982s] INFO:colcon.colcon_core.shell:Creating environment hook '/home/mili/Marvin/ros2_ws/install/custom_interfaces/share/custom_interfaces/hook/ld_library_path_lib.sh'
[2.982s] Level 1:colcon.colcon_core.environment:checking '/home/mili/Marvin/ros2_ws/install/custom_interfaces/bin'
[2.982s] Level 1:colcon.colcon_core.environment:checking '/home/mili/Marvin/ros2_ws/install/custom_interfaces/lib/pkgconfig/custom_interfaces.pc'
[2.982s] Level 1:colcon.colcon_core.environment:checking '/home/mili/Marvin/ros2_ws/install/custom_interfaces/lib/python3.10/site-packages'
[2.982s] Level 1:colcon.colcon_core.environment:checking '/home/mili/Marvin/ros2_ws/install/custom_interfaces/bin'
[2.996s] INFO:colcon.colcon_core.shell:Creating package script '/home/mili/Marvin/ros2_ws/install/custom_interfaces/share/custom_interfaces/package.ps1'
[2.996s] INFO:colcon.colcon_core.shell:Creating package descriptor '/home/mili/Marvin/ros2_ws/install/custom_interfaces/share/custom_interfaces/package.dsv'
[2.996s] INFO:colcon.colcon_core.shell:Creating package script '/home/mili/Marvin/ros2_ws/install/custom_interfaces/share/custom_interfaces/package.sh'
[2.996s] INFO:colcon.colcon_core.shell:Creating package script '/home/mili/Marvin/ros2_ws/install/custom_interfaces/share/custom_interfaces/package.bash'
[2.997s] INFO:colcon.colcon_core.shell:Creating package script '/home/mili/Marvin/ros2_ws/install/custom_interfaces/share/custom_interfaces/package.zsh'
[2.997s] Level 1:colcon.colcon_core.environment:create_file_with_runtime_dependencies(/home/mili/Marvin/ros2_ws/install/custom_interfaces/share/colcon-core/packages/custom_interfaces)
[3.058s] Level 1:colcon.colcon_core.environment:create_environment_scripts_only(custom_interfaces)
[3.071s] Level 1:colcon.colcon_core.environment:checking '/home/mili/Marvin/ros2_ws/install/custom_interfaces' for CMake module files
[3.071s] Level 1:colcon.colcon_core.environment:checking '/home/mili/Marvin/ros2_ws/install/custom_interfaces' for CMake config files
[3.071s] Level 1:colcon.colcon_core.shell:create_environment_hook('custom_interfaces', 'cmake_prefix_path')
[3.085s] INFO:colcon.colcon_core.shell:Creating environment hook '/home/mili/Marvin/ros2_ws/install/custom_interfaces/share/custom_interfaces/hook/cmake_prefix_path.ps1'
[3.085s] INFO:colcon.colcon_core.shell:Creating environment descriptor '/home/mili/Marvin/ros2_ws/install/custom_interfaces/share/custom_interfaces/hook/cmake_prefix_path.dsv'
[3.085s] INFO:colcon.colcon_core.shell:Creating environment hook '/home/mili/Marvin/ros2_ws/install/custom_interfaces/share/custom_interfaces/hook/cmake_prefix_path.sh'
[3.085s] Level 1:colcon.colcon_core.environment:checking '/home/mili/Marvin/ros2_ws/install/custom_interfaces/lib'
[3.086s] Level 1:colcon.colcon_core.shell:create_environment_hook('custom_interfaces', 'ld_library_path_lib')
[3.099s] INFO:colcon.colcon_core.shell:Creating environment hook '/home/mili/Marvin/ros2_ws/install/custom_interfaces/share/custom_interfaces/hook/ld_library_path_lib.ps1'
[3.099s] INFO:colcon.colcon_core.shell:Creating environment descriptor '/home/mili/Marvin/ros2_ws/install/custom_interfaces/share/custom_interfaces/hook/ld_library_path_lib.dsv'
[3.099s] INFO:colcon.colcon_core.shell:Creating environment hook '/home/mili/Marvin/ros2_ws/install/custom_interfaces/share/custom_interfaces/hook/ld_library_path_lib.sh'
[3.100s] Level 1:colcon.colcon_core.environment:checking '/home/mili/Marvin/ros2_ws/install/custom_interfaces/bin'
[3.100s] Level 1:colcon.colcon_core.environment:checking '/home/mili/Marvin/ros2_ws/install/custom_interfaces/lib/pkgconfig/custom_interfaces.pc'
[3.100s] Level 1:colcon.colcon_core.environment:checking '/home/mili/Marvin/ros2_ws/install/custom_interfaces/lib/python3.10/site-packages'
[3.100s] Level 1:colcon.colcon_core.environment:checking '/home/mili/Marvin/ros2_ws/install/custom_interfaces/bin'
[3.113s] INFO:colcon.colcon_core.shell:Creating package script '/home/mili/Marvin/ros2_ws/install/custom_interfaces/share/custom_interfaces/package.ps1'
[3.114s] INFO:colcon.colcon_core.shell:Creating package descriptor '/home/mili/Marvin/ros2_ws/install/custom_interfaces/share/custom_interfaces/package.dsv'
[3.114s] INFO:colcon.colcon_core.shell:Creating package script '/home/mili/Marvin/ros2_ws/install/custom_interfaces/share/custom_interfaces/package.sh'
[3.114s] INFO:colcon.colcon_core.shell:Creating package script '/home/mili/Marvin/ros2_ws/install/custom_interfaces/share/custom_interfaces/package.bash'
[3.114s] INFO:colcon.colcon_core.shell:Creating package script '/home/mili/Marvin/ros2_ws/install/custom_interfaces/share/custom_interfaces/package.zsh'
[3.115s] Level 1:colcon.colcon_core.environment:create_file_with_runtime_dependencies(/home/mili/Marvin/ros2_ws/install/custom_interfaces/share/colcon-core/packages/custom_interfaces)
[3.115s] INFO:colcon.colcon_ros.task.ament_python.build:Building ROS package in '/home/mili/Marvin/ros2_ws/src/py_pubsub' with build type 'ament_python'
[3.115s] Level 1:colcon.colcon_core.shell:create_environment_hook('py_pubsub', 'ament_prefix_path')
[3.129s] INFO:colcon.colcon_core.shell:Creating environment hook '/home/mili/Marvin/ros2_ws/install/py_pubsub/share/py_pubsub/hook/ament_prefix_path.ps1'
[3.129s] INFO:colcon.colcon_core.shell:Creating environment descriptor '/home/mili/Marvin/ros2_ws/install/py_pubsub/share/py_pubsub/hook/ament_prefix_path.dsv'
[3.129s] INFO:colcon.colcon_core.shell:Creating environment hook '/home/mili/Marvin/ros2_ws/install/py_pubsub/share/py_pubsub/hook/ament_prefix_path.sh'
[3.143s] INFO:colcon.colcon_core.shell:Skip shell extension 'powershell' for command environment: Not usable outside of PowerShell
[3.143s] DEBUG:colcon.colcon_core.shell:Skip shell extension 'dsv' for command environment
[3.316s] INFO:colcon.colcon_core.task.python.build:Building Python package in '/home/mili/Marvin/ros2_ws/src/py_pubsub'
[3.330s] INFO:colcon.colcon_core.shell:Skip shell extension 'powershell' for command environment: Not usable outside of PowerShell
[3.330s] DEBUG:colcon.colcon_core.shell:Skip shell extension 'dsv' for command environment
[3.785s] DEBUG:colcon.colcon_core.event_handler.log_command:Invoking command in '/home/mili/Marvin/ros2_ws/src/py_pubsub': AMENT_PREFIX_PATH=/home/mili/Marvin/ros2_ws/install/custom_interfaces:${AMENT_PREFIX_PATH} CMAKE_PREFIX_PATH=/home/mili/Marvin/ros2_ws/install/custom_interfaces DEBUGINFOD_URLS=https://debuginfod.ubuntu.com LD_LIBRARY_PATH=/home/mili/Marvin/ros2_ws/install/custom_interfaces/lib:${LD_LIBRARY_PATH} PYTHONPATH=/home/mili/Marvin/ros2_ws/build/py_pubsub/prefix_override:/home/mili/Marvin/ros2_ws/install/py_pubsub/lib/python3.10/site-packages:/home/mili/Marvin/ros2_ws/install/custom_interfaces/local/lib/python3.10/dist-packages:${PYTHONPATH} /usr/bin/python3 setup.py egg_info --egg-base ../../build/py_pubsub build --build-base /home/mili/Marvin/ros2_ws/build/py_pubsub/build install --record /home/mili/Marvin/ros2_ws/build/py_pubsub/install.log --single-version-externally-managed
[4.178s] DEBUG:colcon.colcon_core.event_handler.log_command:Invoked command in '/home/mili/Marvin/ros2_ws/src/py_pubsub' returned '0': AMENT_PREFIX_PATH=/home/mili/Marvin/ros2_ws/install/custom_interfaces:${AMENT_PREFIX_PATH} CMAKE_PREFIX_PATH=/home/mili/Marvin/ros2_ws/install/custom_interfaces DEBUGINFOD_URLS=https://debuginfod.ubuntu.com LD_LIBRARY_PATH=/home/mili/Marvin/ros2_ws/install/custom_interfaces/lib:${LD_LIBRARY_PATH} PYTHONPATH=/home/mili/Marvin/ros2_ws/build/py_pubsub/prefix_override:/home/mili/Marvin/ros2_ws/install/py_pubsub/lib/python3.10/site-packages:/home/mili/Marvin/ros2_ws/install/custom_interfaces/local/lib/python3.10/dist-packages:${PYTHONPATH} /usr/bin/python3 setup.py egg_info --egg-base ../../build/py_pubsub build --build-base /home/mili/Marvin/ros2_ws/build/py_pubsub/build install --record /home/mili/Marvin/ros2_ws/build/py_pubsub/install.log --single-version-externally-managed
[4.198s] Level 1:colcon.colcon_core.environment:checking '/home/mili/Marvin/ros2_ws/install/py_pubsub' for CMake module files
[4.199s] Level 1:colcon.colcon_core.environment:checking '/home/mili/Marvin/ros2_ws/install/py_pubsub' for CMake config files
[4.199s] Level 1:colcon.colcon_core.environment:checking '/home/mili/Marvin/ros2_ws/install/py_pubsub/lib'
[4.199s] Level 1:colcon.colcon_core.environment:checking '/home/mili/Marvin/ros2_ws/install/py_pubsub/bin'
[4.200s] Level 1:colcon.colcon_core.environment:checking '/home/mili/Marvin/ros2_ws/install/py_pubsub/lib/pkgconfig/py_pubsub.pc'
[4.200s] Level 1:colcon.colcon_core.environment:checking '/home/mili/Marvin/ros2_ws/install/py_pubsub/lib/python3.10/site-packages'
[4.200s] Level 1:colcon.colcon_core.shell:create_environment_hook('py_pubsub', 'pythonpath')
[4.220s] INFO:colcon.colcon_core.shell:Creating environment hook '/home/mili/Marvin/ros2_ws/install/py_pubsub/share/py_pubsub/hook/pythonpath.ps1'
[4.220s] INFO:colcon.colcon_core.shell:Creating environment descriptor '/home/mili/Marvin/ros2_ws/install/py_pubsub/share/py_pubsub/hook/pythonpath.dsv'
[4.221s] INFO:colcon.colcon_core.shell:Creating environment hook '/home/mili/Marvin/ros2_ws/install/py_pubsub/share/py_pubsub/hook/pythonpath.sh'
[4.221s] Level 1:colcon.colcon_core.environment:checking '/home/mili/Marvin/ros2_ws/install/py_pubsub/bin'
[4.221s] Level 1:colcon.colcon_core.environment:create_environment_scripts_only(py_pubsub)
[4.235s] INFO:colcon.colcon_core.shell:Creating package script '/home/mili/Marvin/ros2_ws/install/py_pubsub/share/py_pubsub/package.ps1'
[4.236s] INFO:colcon.colcon_core.shell:Creating package descriptor '/home/mili/Marvin/ros2_ws/install/py_pubsub/share/py_pubsub/package.dsv'
[4.236s] INFO:colcon.colcon_core.shell:Creating package script '/home/mili/Marvin/ros2_ws/install/py_pubsub/share/py_pubsub/package.sh'
[4.236s] INFO:colcon.colcon_core.shell:Creating package script '/home/mili/Marvin/ros2_ws/install/py_pubsub/share/py_pubsub/package.bash'
[4.237s] INFO:colcon.colcon_core.shell:Creating package script '/home/mili/Marvin/ros2_ws/install/py_pubsub/share/py_pubsub/package.zsh'
[4.237s] Level 1:colcon.colcon_core.environment:create_file_with_runtime_dependencies(/home/mili/Marvin/ros2_ws/install/py_pubsub/share/colcon-core/packages/py_pubsub)
[4.237s] DEBUG:colcon.colcon_parallel_executor.executor.parallel:closing loop
[4.237s] DEBUG:colcon.colcon_parallel_executor.executor.parallel:loop closed
[4.237s] DEBUG:colcon.colcon_parallel_executor.executor.parallel:run_until_complete finished with '0'
[4.237s] DEBUG:colcon.colcon_core.event_reactor:joining thread
[4.258s] INFO:colcon.colcon_core.plugin_system:Skipping extension 'colcon_notification.desktop_notification.terminal_notifier': Not used on non-Darwin systems
[4.258s] INFO:colcon.colcon_core.plugin_system:Skipping extension 'colcon_notification.desktop_notification.win32': Not used on non-Windows systems
[4.258s] INFO:colcon.colcon_notification.desktop_notification:Sending desktop notification using 'notify2'
[4.268s] DEBUG:colcon.colcon_core.event_reactor:joined thread
[4.281s] INFO:colcon.colcon_core.shell:Creating prefix script '/home/mili/Marvin/ros2_ws/install/local_setup.ps1'
[4.282s] INFO:colcon.colcon_core.shell:Creating prefix util module '/home/mili/Marvin/ros2_ws/install/_local_setup_util_ps1.py'
[4.283s] INFO:colcon.colcon_core.shell:Creating prefix chain script '/home/mili/Marvin/ros2_ws/install/setup.ps1'
[4.297s] INFO:colcon.colcon_core.shell:Creating prefix script '/home/mili/Marvin/ros2_ws/install/local_setup.sh'
[4.297s] INFO:colcon.colcon_core.shell:Creating prefix util module '/home/mili/Marvin/ros2_ws/install/_local_setup_util_sh.py'
[4.297s] INFO:colcon.colcon_core.shell:Creating prefix chain script '/home/mili/Marvin/ros2_ws/install/setup.sh'
[4.311s] INFO:colcon.colcon_core.shell:Creating prefix script '/home/mili/Marvin/ros2_ws/install/local_setup.bash'
[4.312s] INFO:colcon.colcon_core.shell:Creating prefix chain script '/home/mili/Marvin/ros2_ws/install/setup.bash'
[4.326s] INFO:colcon.colcon_core.shell:Creating prefix script '/home/mili/Marvin/ros2_ws/install/local_setup.zsh'
[4.326s] INFO:colcon.colcon_core.shell:Creating prefix chain script '/home/mili/Marvin/ros2_ws/install/setup.zsh'
