[0.101s] Invoking command in '/home/mili/Marvin/ros2_ws/build/custom_interfaces': CMAKE_PREFIX_PATH=/opt/ros/humble DEBUGINFOD_URLS=https://debuginfod.ubuntu.com /usr/bin/cmake --build /home/mili/Marvin/ros2_ws/build/custom_interfaces -- -j32 -l32
[0.119s] -- Found ament_cmake: 1.3.7 (/opt/ros/humble/share/ament_cmake/cmake)
[0.216s] -- Found ament_lint_auto: 0.12.10 (/opt/ros/humble/share/ament_lint_auto/cmake)
[0.269s] -- Found geometry_msgs: 4.2.3 (/opt/ros/humble/share/geometry_msgs/cmake)
[0.288s] -- Found rosidl_generator_c: 3.1.5 (/opt/ros/humble/share/rosidl_generator_c/cmake)
[0.289s] -- Found rosidl_adapter: 3.1.5 (/opt/ros/humble/share/rosidl_adapter/cmake)
[0.293s] -- Found rosidl_generator_cpp: 3.1.5 (/opt/ros/humble/share/rosidl_generator_cpp/cmake)
[0.300s] -- Using all available rosidl_typesupport_c: rosidl_typesupport_fastrtps_c;rosidl_typesupport_introspection_c
[0.310s] -- Using all available rosidl_typesupport_cpp: rosidl_typesupport_fastrtps_cpp;rosidl_typesupport_introspection_cpp
[0.385s] -- Found rosidl_default_generators: 1.2.0 (/opt/ros/humble/share/rosidl_default_generators/cmake)
[0.531s] -- Found ament_cmake_ros: 0.10.0 (/opt/ros/humble/share/ament_cmake_ros/cmake)
[0.811s] -- Using all available rosidl_typesupport_c: rosidl_typesupport_fastrtps_c;rosidl_typesupport_introspection_c
[0.921s] -- Using all available rosidl_typesupport_cpp: rosidl_typesupport_fastrtps_cpp;rosidl_typesupport_introspection_cpp
[0.937s] -- Found python_cmake_module: 0.10.0 (/opt/ros/humble/share/python_cmake_module/cmake)
[0.953s] -- Using PYTHON_EXECUTABLE: /usr/bin/python3
[0.953s] -- Using PYTHON_INCLUDE_DIRS: /usr/include/python3.10
[0.953s] -- Using PYTHON_LIBRARIES: /usr/lib/x86_64-linux-gnu/libpython3.10.so
[0.979s] -- Added test 'lint_cmake' to check CMake code style
[0.980s] -- Added test 'xmllint' to check XML markup files
[0.982s] -- Configuring done
[1.009s] -- Generating done
[1.012s] -- Build files have been written to: /home/mili/Marvin/ros2_ws/build/custom_interfaces
[1.038s] [35m[1mConsolidate compiler generated dependencies of target custom_interfaces__rosidl_generator_c[0m
[1.039s] [  3%] Built target custom_interfaces__cpp
[1.047s] [  3%] Built target ament_cmake_python_copy_custom_interfaces
[1.047s] [35m[1mConsolidate compiler generated dependencies of target custom_interfaces__rosidl_typesupport_cpp[0m
[1.047s] [35m[1mConsolidate compiler generated dependencies of target custom_interfaces__rosidl_typesupport_introspection_cpp[0m
[1.048s] [35m[1mConsolidate compiler generated dependencies of target custom_interfaces__rosidl_typesupport_fastrtps_cpp[0m
[1.048s] [  6%] [32mBuilding C object CMakeFiles/custom_interfaces__rosidl_generator_c.dir/rosidl_generator_c/custom_interfaces/msg/detail/pose_landmark__functions.c.o[0m
[1.058s] [  9%] [32mBuilding CXX object CMakeFiles/custom_interfaces__rosidl_typesupport_cpp.dir/rosidl_typesupport_cpp/custom_interfaces/msg/pose_landmark__type_support.cpp.o[0m
[1.059s] [ 12%] [32mBuilding CXX object CMakeFiles/custom_interfaces__rosidl_typesupport_introspection_cpp.dir/rosidl_typesupport_introspection_cpp/custom_interfaces/msg/detail/pose_landmark__type_support.cpp.o[0m
[1.059s] [ 16%] [32mBuilding CXX object CMakeFiles/custom_interfaces__rosidl_typesupport_fastrtps_cpp.dir/rosidl_typesupport_fastrtps_cpp/custom_interfaces/msg/detail/dds_fastrtps/pose_landmark__type_support.cpp.o[0m
[1.083s] [ 19%] [32m[1mLinking C shared library libcustom_interfaces__rosidl_generator_c.so[0m
[1.111s] [ 22%] Built target custom_interfaces__rosidl_generator_c
[1.119s] [35m[1mConsolidate compiler generated dependencies of target custom_interfaces__rosidl_typesupport_c[0m
[1.119s] [35m[1mConsolidate compiler generated dependencies of target custom_interfaces__rosidl_typesupport_fastrtps_c[0m
[1.120s] [35m[1mConsolidate compiler generated dependencies of target custom_interfaces__rosidl_typesupport_introspection_c[0m
[1.127s] [ 25%] [32mBuilding CXX object CMakeFiles/custom_interfaces__rosidl_typesupport_c.dir/rosidl_typesupport_c/custom_interfaces/msg/pose_landmark__type_support.cpp.o[0m
[1.131s] [ 29%] [32mBuilding C object CMakeFiles/custom_interfaces__rosidl_typesupport_introspection_c.dir/rosidl_typesupport_introspection_c/custom_interfaces/msg/detail/pose_landmark__type_support.c.o[0m
[1.132s] [ 32%] [32mBuilding CXX object CMakeFiles/custom_interfaces__rosidl_typesupport_fastrtps_c.dir/rosidl_typesupport_fastrtps_c/custom_interfaces/msg/detail/pose_landmark__type_support_c.cpp.o[0m
[1.151s] [ 35%] [32m[1mLinking CXX shared library libcustom_interfaces__rosidl_typesupport_c.so[0m
[1.162s] [ 38%] [32m[1mLinking C shared library libcustom_interfaces__rosidl_typesupport_introspection_c.so[0m
[1.182s] [ 41%] Built target custom_interfaces__rosidl_typesupport_c
[1.187s] [ 45%] Built target custom_interfaces__rosidl_typesupport_introspection_c
[1.205s] running egg_info
[1.220s] writing custom_interfaces.egg-info/PKG-INFO
[1.221s] writing dependency_links to custom_interfaces.egg-info/dependency_links.txt
[1.221s] writing top-level names to custom_interfaces.egg-info/top_level.txt
[1.235s] [ 48%] [32m[1mLinking CXX shared library libcustom_interfaces__rosidl_typesupport_cpp.so[0m
[1.266s] reading manifest file 'custom_interfaces.egg-info/SOURCES.txt'
[1.266s] [ 51%] Built target custom_interfaces__rosidl_typesupport_cpp
[1.266s] writing manifest file 'custom_interfaces.egg-info/SOURCES.txt'
[1.285s] [ 51%] Built target ament_cmake_python_build_custom_interfaces_egg
[1.345s] [ 54%] [32m[1mLinking CXX shared library libcustom_interfaces__rosidl_typesupport_introspection_cpp.so[0m
[1.354s] [ 58%] [32m[1mLinking CXX shared library libcustom_interfaces__rosidl_typesupport_fastrtps_c.so[0m
[1.370s] [ 61%] [32m[1mLinking CXX shared library libcustom_interfaces__rosidl_typesupport_fastrtps_cpp.so[0m
[1.397s] [ 64%] Built target custom_interfaces__rosidl_typesupport_introspection_cpp
[1.403s] [ 67%] Built target custom_interfaces__rosidl_typesupport_fastrtps_c
[1.422s] [ 70%] Built target custom_interfaces__rosidl_typesupport_fastrtps_cpp
[1.437s] [ 70%] Built target custom_interfaces
[1.453s] [ 74%] Built target custom_interfaces__py
[1.461s] [35m[1mConsolidate compiler generated dependencies of target custom_interfaces__rosidl_generator_py[0m
[1.473s] [ 77%] [32mBuilding C object CMakeFiles/custom_interfaces__rosidl_generator_py.dir/rosidl_generator_py/custom_interfaces/msg/_pose_landmark_s.c.o[0m
[1.545s] [ 80%] [32m[1mLinking C shared library rosidl_generator_py/custom_interfaces/libcustom_interfaces__rosidl_generator_py.so[0m
[1.575s] [ 80%] Built target custom_interfaces__rosidl_generator_py
[1.583s] [35m[1mConsolidate compiler generated dependencies of target custom_interfaces__rosidl_typesupport_introspection_c__pyext[0m
[1.583s] [35m[1mConsolidate compiler generated dependencies of target custom_interfaces__rosidl_typesupport_c__pyext[0m
[1.583s] [35m[1mConsolidate compiler generated dependencies of target custom_interfaces__rosidl_typesupport_fastrtps_c__pyext[0m
[1.596s] [ 83%] [32mBuilding C object CMakeFiles/custom_interfaces__rosidl_typesupport_introspection_c__pyext.dir/rosidl_generator_py/custom_interfaces/_custom_interfaces_s.ep.rosidl_typesupport_introspection_c.c.o[0m
[1.596s] [ 87%] [32mBuilding C object CMakeFiles/custom_interfaces__rosidl_typesupport_c__pyext.dir/rosidl_generator_py/custom_interfaces/_custom_interfaces_s.ep.rosidl_typesupport_c.c.o[0m
[1.596s] [ 90%] [32mBuilding C object CMakeFiles/custom_interfaces__rosidl_typesupport_fastrtps_c__pyext.dir/rosidl_generator_py/custom_interfaces/_custom_interfaces_s.ep.rosidl_typesupport_fastrtps_c.c.o[0m
[1.667s] [ 93%] [32m[1mLinking C shared library rosidl_generator_py/custom_interfaces/custom_interfaces_s__rosidl_typesupport_c.cpython-310-x86_64-linux-gnu.so[0m
[1.667s] [100%] [32m[1mLinking C shared library rosidl_generator_py/custom_interfaces/custom_interfaces_s__rosidl_typesupport_fastrtps_c.cpython-310-x86_64-linux-gnu.so[0m
[1.667s] [100%] [32m[1mLinking C shared library rosidl_generator_py/custom_interfaces/custom_interfaces_s__rosidl_typesupport_introspection_c.cpython-310-x86_64-linux-gnu.so[0m
[1.697s] [100%] Built target custom_interfaces__rosidl_typesupport_c__pyext
[1.698s] [100%] Built target custom_interfaces__rosidl_typesupport_fastrtps_c__pyext
[1.698s] [100%] Built target custom_interfaces__rosidl_typesupport_introspection_c__pyext
[1.706s] Invoked command in '/home/mili/Marvin/ros2_ws/build/custom_interfaces' returned '0': CMAKE_PREFIX_PATH=/opt/ros/humble DEBUGINFOD_URLS=https://debuginfod.ubuntu.com /usr/bin/cmake --build /home/mili/Marvin/ros2_ws/build/custom_interfaces -- -j32 -l32
[1.761s] Invoking command in '/home/mili/Marvin/ros2_ws/build/custom_interfaces': CMAKE_PREFIX_PATH=/opt/ros/humble DEBUGINFOD_URLS=https://debuginfod.ubuntu.com /usr/bin/cmake --install /home/mili/Marvin/ros2_ws/build/custom_interfaces
[1.766s] -- Install configuration: ""
[1.766s] -- Up-to-date: /home/mili/Marvin/ros2_ws/install/custom_interfaces/share/ament_index/resource_index/rosidl_interfaces/custom_interfaces
[1.766s] -- Up-to-date: /home/mili/Marvin/ros2_ws/install/custom_interfaces/include/custom_interfaces/custom_interfaces
[1.766s] -- Up-to-date: /home/mili/Marvin/ros2_ws/install/custom_interfaces/include/custom_interfaces/custom_interfaces/msg
[1.767s] -- Up-to-date: /home/mili/Marvin/ros2_ws/install/custom_interfaces/include/custom_interfaces/custom_interfaces/msg/pose_landmark.h
[1.767s] -- Up-to-date: /home/mili/Marvin/ros2_ws/install/custom_interfaces/include/custom_interfaces/custom_interfaces/msg/rosidl_generator_c__visibility_control.h
[1.767s] -- Up-to-date: /home/mili/Marvin/ros2_ws/install/custom_interfaces/include/custom_interfaces/custom_interfaces/msg/detail
[1.767s] -- Up-to-date: /home/mili/Marvin/ros2_ws/install/custom_interfaces/include/custom_interfaces/custom_interfaces/msg/detail/pose_landmark__type_support.h
[1.767s] -- Up-to-date: /home/mili/Marvin/ros2_ws/install/custom_interfaces/include/custom_interfaces/custom_interfaces/msg/detail/pose_landmark__functions.h
[1.767s] -- Up-to-date: /home/mili/Marvin/ros2_ws/install/custom_interfaces/include/custom_interfaces/custom_interfaces/msg/detail/pose_landmark__struct.h
[1.767s] -- Installing: /home/mili/Marvin/ros2_ws/install/custom_interfaces/include/custom_interfaces/custom_interfaces/msg/detail/pose_landmark__functions.c
[1.767s] -- Installing: /home/mili/Marvin/ros2_ws/install/custom_interfaces/share/custom_interfaces/environment/library_path.sh
[1.767s] -- Installing: /home/mili/Marvin/ros2_ws/install/custom_interfaces/share/custom_interfaces/environment/library_path.dsv
[1.767s] -- Installing: /home/mili/Marvin/ros2_ws/install/custom_interfaces/lib/libcustom_interfaces__rosidl_generator_c.so
[1.768s] -- Set runtime path of "/home/mili/Marvin/ros2_ws/install/custom_interfaces/lib/libcustom_interfaces__rosidl_generator_c.so" to ""
[1.768s] -- Up-to-date: /home/mili/Marvin/ros2_ws/install/custom_interfaces/include/custom_interfaces/custom_interfaces
[1.768s] -- Up-to-date: /home/mili/Marvin/ros2_ws/install/custom_interfaces/include/custom_interfaces/custom_interfaces/msg
[1.768s] -- Up-to-date: /home/mili/Marvin/ros2_ws/install/custom_interfaces/include/custom_interfaces/custom_interfaces/msg/rosidl_typesupport_fastrtps_c__visibility_control.h
[1.768s] -- Up-to-date: /home/mili/Marvin/ros2_ws/install/custom_interfaces/include/custom_interfaces/custom_interfaces/msg/detail
[1.768s] -- Up-to-date: /home/mili/Marvin/ros2_ws/install/custom_interfaces/include/custom_interfaces/custom_interfaces/msg/detail/pose_landmark__rosidl_typesupport_fastrtps_c.h
[1.768s] -- Installing: /home/mili/Marvin/ros2_ws/install/custom_interfaces/lib/libcustom_interfaces__rosidl_typesupport_fastrtps_c.so
[1.768s] -- Set runtime path of "/home/mili/Marvin/ros2_ws/install/custom_interfaces/lib/libcustom_interfaces__rosidl_typesupport_fastrtps_c.so" to ""
[1.769s] -- Up-to-date: /home/mili/Marvin/ros2_ws/install/custom_interfaces/include/custom_interfaces/custom_interfaces
[1.769s] -- Up-to-date: /home/mili/Marvin/ros2_ws/install/custom_interfaces/include/custom_interfaces/custom_interfaces/msg
[1.769s] -- Up-to-date: /home/mili/Marvin/ros2_ws/install/custom_interfaces/include/custom_interfaces/custom_interfaces/msg/pose_landmark.hpp
[1.769s] -- Up-to-date: /home/mili/Marvin/ros2_ws/install/custom_interfaces/include/custom_interfaces/custom_interfaces/msg/detail
[1.769s] -- Up-to-date: /home/mili/Marvin/ros2_ws/install/custom_interfaces/include/custom_interfaces/custom_interfaces/msg/detail/pose_landmark__builder.hpp
[1.769s] -- Up-to-date: /home/mili/Marvin/ros2_ws/install/custom_interfaces/include/custom_interfaces/custom_interfaces/msg/detail/pose_landmark__struct.hpp
[1.769s] -- Up-to-date: /home/mili/Marvin/ros2_ws/install/custom_interfaces/include/custom_interfaces/custom_interfaces/msg/detail/pose_landmark__traits.hpp
[1.769s] -- Up-to-date: /home/mili/Marvin/ros2_ws/install/custom_interfaces/include/custom_interfaces/custom_interfaces
[1.769s] -- Up-to-date: /home/mili/Marvin/ros2_ws/install/custom_interfaces/include/custom_interfaces/custom_interfaces/msg
[1.769s] -- Up-to-date: /home/mili/Marvin/ros2_ws/install/custom_interfaces/include/custom_interfaces/custom_interfaces/msg/rosidl_typesupport_fastrtps_cpp__visibility_control.h
[1.769s] -- Up-to-date: /home/mili/Marvin/ros2_ws/install/custom_interfaces/include/custom_interfaces/custom_interfaces/msg/detail
[1.769s] -- Up-to-date: /home/mili/Marvin/ros2_ws/install/custom_interfaces/include/custom_interfaces/custom_interfaces/msg/detail/dds_fastrtps
[1.770s] -- Up-to-date: /home/mili/Marvin/ros2_ws/install/custom_interfaces/include/custom_interfaces/custom_interfaces/msg/detail/pose_landmark__rosidl_typesupport_fastrtps_cpp.hpp
[1.770s] -- Installing: /home/mili/Marvin/ros2_ws/install/custom_interfaces/lib/libcustom_interfaces__rosidl_typesupport_fastrtps_cpp.so
[1.770s] -- Set runtime path of "/home/mili/Marvin/ros2_ws/install/custom_interfaces/lib/libcustom_interfaces__rosidl_typesupport_fastrtps_cpp.so" to ""
[1.770s] -- Up-to-date: /home/mili/Marvin/ros2_ws/install/custom_interfaces/include/custom_interfaces/custom_interfaces
[1.770s] -- Up-to-date: /home/mili/Marvin/ros2_ws/install/custom_interfaces/include/custom_interfaces/custom_interfaces/msg
[1.770s] -- Up-to-date: /home/mili/Marvin/ros2_ws/install/custom_interfaces/include/custom_interfaces/custom_interfaces/msg/rosidl_typesupport_introspection_c__visibility_control.h
[1.770s] -- Up-to-date: /home/mili/Marvin/ros2_ws/install/custom_interfaces/include/custom_interfaces/custom_interfaces/msg/detail
[1.770s] -- Up-to-date: /home/mili/Marvin/ros2_ws/install/custom_interfaces/include/custom_interfaces/custom_interfaces/msg/detail/pose_landmark__rosidl_typesupport_introspection_c.h
[1.770s] -- Up-to-date: /home/mili/Marvin/ros2_ws/install/custom_interfaces/include/custom_interfaces/custom_interfaces/msg/detail/pose_landmark__type_support.c
[1.770s] -- Installing: /home/mili/Marvin/ros2_ws/install/custom_interfaces/lib/libcustom_interfaces__rosidl_typesupport_introspection_c.so
[1.770s] -- Set runtime path of "/home/mili/Marvin/ros2_ws/install/custom_interfaces/lib/libcustom_interfaces__rosidl_typesupport_introspection_c.so" to ""
[1.770s] -- Installing: /home/mili/Marvin/ros2_ws/install/custom_interfaces/lib/libcustom_interfaces__rosidl_typesupport_c.so
[1.771s] -- Set runtime path of "/home/mili/Marvin/ros2_ws/install/custom_interfaces/lib/libcustom_interfaces__rosidl_typesupport_c.so" to ""
[1.771s] -- Up-to-date: /home/mili/Marvin/ros2_ws/install/custom_interfaces/include/custom_interfaces/custom_interfaces
[1.771s] -- Up-to-date: /home/mili/Marvin/ros2_ws/install/custom_interfaces/include/custom_interfaces/custom_interfaces/msg
[1.771s] -- Up-to-date: /home/mili/Marvin/ros2_ws/install/custom_interfaces/include/custom_interfaces/custom_interfaces/msg/detail
[1.771s] -- Up-to-date: /home/mili/Marvin/ros2_ws/install/custom_interfaces/include/custom_interfaces/custom_interfaces/msg/detail/pose_landmark__rosidl_typesupport_introspection_cpp.hpp
[1.771s] -- Up-to-date: /home/mili/Marvin/ros2_ws/install/custom_interfaces/include/custom_interfaces/custom_interfaces/msg/detail/pose_landmark__type_support.cpp
[1.771s] -- Installing: /home/mili/Marvin/ros2_ws/install/custom_interfaces/lib/libcustom_interfaces__rosidl_typesupport_introspection_cpp.so
[1.772s] -- Set runtime path of "/home/mili/Marvin/ros2_ws/install/custom_interfaces/lib/libcustom_interfaces__rosidl_typesupport_introspection_cpp.so" to ""
[1.772s] -- Installing: /home/mili/Marvin/ros2_ws/install/custom_interfaces/lib/libcustom_interfaces__rosidl_typesupport_cpp.so
[1.772s] -- Set runtime path of "/home/mili/Marvin/ros2_ws/install/custom_interfaces/lib/libcustom_interfaces__rosidl_typesupport_cpp.so" to ""
[1.772s] -- Up-to-date: /home/mili/Marvin/ros2_ws/install/custom_interfaces/share/custom_interfaces/environment/pythonpath.sh
[1.772s] -- Installing: /home/mili/Marvin/ros2_ws/install/custom_interfaces/share/custom_interfaces/environment/pythonpath.dsv
[1.772s] -- Up-to-date: /home/mili/Marvin/ros2_ws/install/custom_interfaces/local/lib/python3.10/dist-packages/custom_interfaces-0.0.0-py3.10.egg-info
[1.772s] -- Installing: /home/mili/Marvin/ros2_ws/install/custom_interfaces/local/lib/python3.10/dist-packages/custom_interfaces-0.0.0-py3.10.egg-info/SOURCES.txt
[1.773s] -- Installing: /home/mili/Marvin/ros2_ws/install/custom_interfaces/local/lib/python3.10/dist-packages/custom_interfaces-0.0.0-py3.10.egg-info/dependency_links.txt
[1.773s] -- Installing: /home/mili/Marvin/ros2_ws/install/custom_interfaces/local/lib/python3.10/dist-packages/custom_interfaces-0.0.0-py3.10.egg-info/PKG-INFO
[1.773s] -- Installing: /home/mili/Marvin/ros2_ws/install/custom_interfaces/local/lib/python3.10/dist-packages/custom_interfaces-0.0.0-py3.10.egg-info/top_level.txt
[1.773s] -- Up-to-date: /home/mili/Marvin/ros2_ws/install/custom_interfaces/local/lib/python3.10/dist-packages/custom_interfaces
[1.773s] -- Installing: /home/mili/Marvin/ros2_ws/install/custom_interfaces/local/lib/python3.10/dist-packages/custom_interfaces/libcustom_interfaces__rosidl_generator_py.so
[1.773s] -- Up-to-date: /home/mili/Marvin/ros2_ws/install/custom_interfaces/local/lib/python3.10/dist-packages/custom_interfaces/_custom_interfaces_s.ep.rosidl_typesupport_introspection_c.c
[1.773s] -- Installing: /home/mili/Marvin/ros2_ws/install/custom_interfaces/local/lib/python3.10/dist-packages/custom_interfaces/custom_interfaces_s__rosidl_typesupport_c.cpython-310-x86_64-linux-gnu.so
[1.773s] -- Up-to-date: /home/mili/Marvin/ros2_ws/install/custom_interfaces/local/lib/python3.10/dist-packages/custom_interfaces/_custom_interfaces_s.ep.rosidl_typesupport_fastrtps_c.c
[1.773s] -- Up-to-date: /home/mili/Marvin/ros2_ws/install/custom_interfaces/local/lib/python3.10/dist-packages/custom_interfaces/_custom_interfaces_s.ep.rosidl_typesupport_c.c
[1.773s] -- Installing: /home/mili/Marvin/ros2_ws/install/custom_interfaces/local/lib/python3.10/dist-packages/custom_interfaces/custom_interfaces_s__rosidl_typesupport_fastrtps_c.cpython-310-x86_64-linux-gnu.so
[1.773s] -- Installing: /home/mili/Marvin/ros2_ws/install/custom_interfaces/local/lib/python3.10/dist-packages/custom_interfaces/__init__.py
[1.774s] -- Installing: /home/mili/Marvin/ros2_ws/install/custom_interfaces/local/lib/python3.10/dist-packages/custom_interfaces/custom_interfaces_s__rosidl_typesupport_introspection_c.cpython-310-x86_64-linux-gnu.so
[1.774s] -- Up-to-date: /home/mili/Marvin/ros2_ws/install/custom_interfaces/local/lib/python3.10/dist-packages/custom_interfaces/msg
[1.774s] -- Up-to-date: /home/mili/Marvin/ros2_ws/install/custom_interfaces/local/lib/python3.10/dist-packages/custom_interfaces/msg/_pose_landmark_s.c
[1.774s] -- Up-to-date: /home/mili/Marvin/ros2_ws/install/custom_interfaces/local/lib/python3.10/dist-packages/custom_interfaces/msg/_pose_landmark.py
[1.774s] -- Up-to-date: /home/mili/Marvin/ros2_ws/install/custom_interfaces/local/lib/python3.10/dist-packages/custom_interfaces/msg/__init__.py
[1.797s] Listing '/home/mili/Marvin/ros2_ws/install/custom_interfaces/local/lib/python3.10/dist-packages/custom_interfaces'...
[1.797s] Compiling '/home/mili/Marvin/ros2_ws/install/custom_interfaces/local/lib/python3.10/dist-packages/custom_interfaces/__init__.py'...
[1.797s] Listing '/home/mili/Marvin/ros2_ws/install/custom_interfaces/local/lib/python3.10/dist-packages/custom_interfaces/msg'...
[1.797s] Compiling '/home/mili/Marvin/ros2_ws/install/custom_interfaces/local/lib/python3.10/dist-packages/custom_interfaces/msg/__init__.py'...
[1.797s] Compiling '/home/mili/Marvin/ros2_ws/install/custom_interfaces/local/lib/python3.10/dist-packages/custom_interfaces/msg/_pose_landmark.py'...
[1.800s] -- Installing: /home/mili/Marvin/ros2_ws/install/custom_interfaces/local/lib/python3.10/dist-packages/custom_interfaces/custom_interfaces_s__rosidl_typesupport_fastrtps_c.cpython-310-x86_64-linux-gnu.so
[1.800s] -- Set runtime path of "/home/mili/Marvin/ros2_ws/install/custom_interfaces/local/lib/python3.10/dist-packages/custom_interfaces/custom_interfaces_s__rosidl_typesupport_fastrtps_c.cpython-310-x86_64-linux-gnu.so" to ""
[1.800s] -- Installing: /home/mili/Marvin/ros2_ws/install/custom_interfaces/local/lib/python3.10/dist-packages/custom_interfaces/custom_interfaces_s__rosidl_typesupport_introspection_c.cpython-310-x86_64-linux-gnu.so
[1.801s] -- Set runtime path of "/home/mili/Marvin/ros2_ws/install/custom_interfaces/local/lib/python3.10/dist-packages/custom_interfaces/custom_interfaces_s__rosidl_typesupport_introspection_c.cpython-310-x86_64-linux-gnu.so" to ""
[1.801s] -- Installing: /home/mili/Marvin/ros2_ws/install/custom_interfaces/local/lib/python3.10/dist-packages/custom_interfaces/custom_interfaces_s__rosidl_typesupport_c.cpython-310-x86_64-linux-gnu.so
[1.801s] -- Set runtime path of "/home/mili/Marvin/ros2_ws/install/custom_interfaces/local/lib/python3.10/dist-packages/custom_interfaces/custom_interfaces_s__rosidl_typesupport_c.cpython-310-x86_64-linux-gnu.so" to ""
[1.801s] -- Installing: /home/mili/Marvin/ros2_ws/install/custom_interfaces/lib/libcustom_interfaces__rosidl_generator_py.so
[1.802s] -- Set runtime path of "/home/mili/Marvin/ros2_ws/install/custom_interfaces/lib/libcustom_interfaces__rosidl_generator_py.so" to ""
[1.802s] -- Up-to-date: /home/mili/Marvin/ros2_ws/install/custom_interfaces/share/custom_interfaces/msg/PoseLandmark.idl
[1.802s] -- Up-to-date: /home/mili/Marvin/ros2_ws/install/custom_interfaces/share/custom_interfaces/msg/PoseLandmark.msg
[1.802s] -- Up-to-date: /home/mili/Marvin/ros2_ws/install/custom_interfaces/share/ament_index/resource_index/package_run_dependencies/custom_interfaces
[1.802s] -- Up-to-date: /home/mili/Marvin/ros2_ws/install/custom_interfaces/share/ament_index/resource_index/parent_prefix_path/custom_interfaces
[1.802s] -- Installing: /home/mili/Marvin/ros2_ws/install/custom_interfaces/share/custom_interfaces/environment/ament_prefix_path.sh
[1.802s] -- Installing: /home/mili/Marvin/ros2_ws/install/custom_interfaces/share/custom_interfaces/environment/ament_prefix_path.dsv
[1.802s] -- Installing: /home/mili/Marvin/ros2_ws/install/custom_interfaces/share/custom_interfaces/environment/path.sh
[1.802s] -- Installing: /home/mili/Marvin/ros2_ws/install/custom_interfaces/share/custom_interfaces/environment/path.dsv
[1.802s] -- Up-to-date: /home/mili/Marvin/ros2_ws/install/custom_interfaces/share/custom_interfaces/local_setup.bash
[1.802s] -- Up-to-date: /home/mili/Marvin/ros2_ws/install/custom_interfaces/share/custom_interfaces/local_setup.sh
[1.803s] -- Up-to-date: /home/mili/Marvin/ros2_ws/install/custom_interfaces/share/custom_interfaces/local_setup.zsh
[1.803s] -- Installing: /home/mili/Marvin/ros2_ws/install/custom_interfaces/share/custom_interfaces/local_setup.dsv
[1.803s] -- Installing: /home/mili/Marvin/ros2_ws/install/custom_interfaces/share/custom_interfaces/package.dsv
[1.803s] -- Up-to-date: /home/mili/Marvin/ros2_ws/install/custom_interfaces/share/ament_index/resource_index/packages/custom_interfaces
[1.803s] -- Up-to-date: /home/mili/Marvin/ros2_ws/install/custom_interfaces/share/custom_interfaces/cmake/export_custom_interfaces__rosidl_generator_cExport.cmake
[1.803s] -- Up-to-date: /home/mili/Marvin/ros2_ws/install/custom_interfaces/share/custom_interfaces/cmake/export_custom_interfaces__rosidl_generator_cExport-noconfig.cmake
[1.803s] -- Up-to-date: /home/mili/Marvin/ros2_ws/install/custom_interfaces/share/custom_interfaces/cmake/export_custom_interfaces__rosidl_typesupport_fastrtps_cExport.cmake
[1.803s] -- Up-to-date: /home/mili/Marvin/ros2_ws/install/custom_interfaces/share/custom_interfaces/cmake/export_custom_interfaces__rosidl_typesupport_fastrtps_cExport-noconfig.cmake
[1.803s] -- Up-to-date: /home/mili/Marvin/ros2_ws/install/custom_interfaces/share/custom_interfaces/cmake/export_custom_interfaces__rosidl_generator_cppExport.cmake
[1.803s] -- Up-to-date: /home/mili/Marvin/ros2_ws/install/custom_interfaces/share/custom_interfaces/cmake/export_custom_interfaces__rosidl_typesupport_fastrtps_cppExport.cmake
[1.803s] -- Up-to-date: /home/mili/Marvin/ros2_ws/install/custom_interfaces/share/custom_interfaces/cmake/export_custom_interfaces__rosidl_typesupport_fastrtps_cppExport-noconfig.cmake
[1.804s] -- Up-to-date: /home/mili/Marvin/ros2_ws/install/custom_interfaces/share/custom_interfaces/cmake/custom_interfaces__rosidl_typesupport_introspection_cExport.cmake
[1.804s] -- Up-to-date: /home/mili/Marvin/ros2_ws/install/custom_interfaces/share/custom_interfaces/cmake/custom_interfaces__rosidl_typesupport_introspection_cExport-noconfig.cmake
[1.804s] -- Up-to-date: /home/mili/Marvin/ros2_ws/install/custom_interfaces/share/custom_interfaces/cmake/custom_interfaces__rosidl_typesupport_cExport.cmake
[1.804s] -- Up-to-date: /home/mili/Marvin/ros2_ws/install/custom_interfaces/share/custom_interfaces/cmake/custom_interfaces__rosidl_typesupport_cExport-noconfig.cmake
[1.804s] -- Up-to-date: /home/mili/Marvin/ros2_ws/install/custom_interfaces/share/custom_interfaces/cmake/custom_interfaces__rosidl_typesupport_introspection_cppExport.cmake
[1.804s] -- Up-to-date: /home/mili/Marvin/ros2_ws/install/custom_interfaces/share/custom_interfaces/cmake/custom_interfaces__rosidl_typesupport_introspection_cppExport-noconfig.cmake
[1.804s] -- Up-to-date: /home/mili/Marvin/ros2_ws/install/custom_interfaces/share/custom_interfaces/cmake/custom_interfaces__rosidl_typesupport_cppExport.cmake
[1.804s] -- Up-to-date: /home/mili/Marvin/ros2_ws/install/custom_interfaces/share/custom_interfaces/cmake/custom_interfaces__rosidl_typesupport_cppExport-noconfig.cmake
[1.804s] -- Up-to-date: /home/mili/Marvin/ros2_ws/install/custom_interfaces/share/custom_interfaces/cmake/export_custom_interfaces__rosidl_generator_pyExport.cmake
[1.804s] -- Up-to-date: /home/mili/Marvin/ros2_ws/install/custom_interfaces/share/custom_interfaces/cmake/export_custom_interfaces__rosidl_generator_pyExport-noconfig.cmake
[1.804s] -- Up-to-date: /home/mili/Marvin/ros2_ws/install/custom_interfaces/share/custom_interfaces/cmake/rosidl_cmake-extras.cmake
[1.804s] -- Up-to-date: /home/mili/Marvin/ros2_ws/install/custom_interfaces/share/custom_interfaces/cmake/ament_cmake_export_dependencies-extras.cmake
[1.805s] -- Up-to-date: /home/mili/Marvin/ros2_ws/install/custom_interfaces/share/custom_interfaces/cmake/ament_cmake_export_include_directories-extras.cmake
[1.805s] -- Up-to-date: /home/mili/Marvin/ros2_ws/install/custom_interfaces/share/custom_interfaces/cmake/ament_cmake_export_libraries-extras.cmake
[1.805s] -- Up-to-date: /home/mili/Marvin/ros2_ws/install/custom_interfaces/share/custom_interfaces/cmake/ament_cmake_export_targets-extras.cmake
[1.805s] -- Up-to-date: /home/mili/Marvin/ros2_ws/install/custom_interfaces/share/custom_interfaces/cmake/rosidl_cmake_export_typesupport_targets-extras.cmake
[1.805s] -- Up-to-date: /home/mili/Marvin/ros2_ws/install/custom_interfaces/share/custom_interfaces/cmake/rosidl_cmake_export_typesupport_libraries-extras.cmake
[1.805s] -- Up-to-date: /home/mili/Marvin/ros2_ws/install/custom_interfaces/share/custom_interfaces/cmake/custom_interfacesConfig.cmake
[1.805s] -- Up-to-date: /home/mili/Marvin/ros2_ws/install/custom_interfaces/share/custom_interfaces/cmake/custom_interfacesConfig-version.cmake
[1.805s] -- Up-to-date: /home/mili/Marvin/ros2_ws/install/custom_interfaces/share/custom_interfaces/package.xml
[1.806s] Invoked command in '/home/mili/Marvin/ros2_ws/build/custom_interfaces' returned '0': CMAKE_PREFIX_PATH=/opt/ros/humble DEBUGINFOD_URLS=https://debuginfod.ubuntu.com /usr/bin/cmake --install /home/mili/Marvin/ros2_ws/build/custom_interfaces
