[0.695s] Invoking command in '/home/mili/Marvin/ros2_ws/src/py_pubsub': DEBUGINFOD_URLS=https://debuginfod.ubuntu.com PYTHONPATH=/home/mili/Marvin/ros2_ws/build/py_pubsub/prefix_override:/home/mili/Marvin/ros2_ws/install/py_pubsub/lib/python3.10/site-packages:${PYTHONPATH} /usr/bin/python3 setup.py egg_info --egg-base ../../build/py_pubsub build --build-base /home/mili/Marvin/ros2_ws/build/py_pubsub/build install --record /home/mili/Marvin/ros2_ws/build/py_pubsub/install.log --single-version-externally-managed
[0.858s] running egg_info
[0.872s] writing ../../build/py_pubsub/py_pubsub.egg-info/PKG-INFO
[0.872s] writing dependency_links to ../../build/py_pubsub/py_pubsub.egg-info/dependency_links.txt
[0.872s] writing entry points to ../../build/py_pubsub/py_pubsub.egg-info/entry_points.txt
[0.872s] writing requirements to ../../build/py_pubsub/py_pubsub.egg-info/requires.txt
[0.872s] writing top-level names to ../../build/py_pubsub/py_pubsub.egg-info/top_level.txt
[0.899s] reading manifest file '../../build/py_pubsub/py_pubsub.egg-info/SOURCES.txt'
[0.899s] adding license file 'LICENSE'
[0.900s] writing manifest file '../../build/py_pubsub/py_pubsub.egg-info/SOURCES.txt'
[0.900s] running build
[0.900s] running build_py
[0.900s] copying py_pubsub/__init__.py -> /home/mili/Marvin/ros2_ws/build/py_pubsub/build/lib/py_pubsub
[0.900s] copying py_pubsub/subscriber_member_function.py -> /home/mili/Marvin/ros2_ws/build/py_pubsub/build/lib/py_pubsub
[0.900s] copying py_pubsub/publisher_member_function.py -> /home/mili/Marvin/ros2_ws/build/py_pubsub/build/lib/py_pubsub
[0.900s] running install
[0.900s] /home/mili/.local/lib/python3.10/site-packages/setuptools/_distutils/cmd.py:66: SetuptoolsDeprecationWarning: setup.py install is deprecated.
[0.900s] !!
[0.900s] 
[0.901s]         ********************************************************************************
[0.901s]         Please avoid running ``setup.py`` directly.
[0.901s]         Instead, use pypa/build, pypa/installer or other
[0.901s]         standards-based tools.
[0.901s] 
[0.901s]         See https://blog.ganssle.io/articles/2021/10/setup-py-deprecated.html for details.
[0.901s]         ********************************************************************************
[0.901s] 
[0.901s] !!
[0.901s]   self.initialize_options()
[0.904s] running install_lib
[0.917s] copying /home/mili/Marvin/ros2_ws/build/py_pubsub/build/lib/py_pubsub/publisher_member_function.py -> /home/mili/Marvin/ros2_ws/install/py_pubsub/lib/python3.10/site-packages/py_pubsub
[0.917s] byte-compiling /home/mili/Marvin/ros2_ws/install/py_pubsub/lib/python3.10/site-packages/py_pubsub/publisher_member_function.py to publisher_member_function.cpython-310.pyc
[0.918s] running install_data
[0.931s] copying resource/py_pubsub -> /home/mili/Marvin/ros2_ws/install/py_pubsub/share/ament_index/resource_index/packages
[0.931s] copying package.xml -> /home/mili/Marvin/ros2_ws/install/py_pubsub/share/py_pubsub
[0.931s] running install_egg_info
[0.945s] removing '/home/mili/Marvin/ros2_ws/install/py_pubsub/lib/python3.10/site-packages/py_pubsub-0.0.0-py3.10.egg-info' (and everything under it)
[0.946s] Copying ../../build/py_pubsub/py_pubsub.egg-info to /home/mili/Marvin/ros2_ws/install/py_pubsub/lib/python3.10/site-packages/py_pubsub-0.0.0-py3.10.egg-info
[0.946s] running install_scripts
[1.067s] Installing listener script to /home/mili/Marvin/ros2_ws/install/py_pubsub/lib/py_pubsub
[1.067s] Installing talker script to /home/mili/Marvin/ros2_ws/install/py_pubsub/lib/py_pubsub
[1.068s] writing list of installed files to '/home/mili/Marvin/ros2_ws/build/py_pubsub/install.log'
[1.082s] Invoked command in '/home/mili/Marvin/ros2_ws/src/py_pubsub' returned '0': DEBUGINFOD_URLS=https://debuginfod.ubuntu.com PYTHONPATH=/home/mili/Marvin/ros2_ws/build/py_pubsub/prefix_override:/home/mili/Marvin/ros2_ws/install/py_pubsub/lib/python3.10/site-packages:${PYTHONPATH} /usr/bin/python3 setup.py egg_info --egg-base ../../build/py_pubsub build --build-base /home/mili/Marvin/ros2_ws/build/py_pubsub/build install --record /home/mili/Marvin/ros2_ws/build/py_pubsub/install.log --single-version-externally-managed
