[0.099s] Invoking command in '/home/mili/Marvin/ros2_ws/build/custom_interfaces': CMAKE_PREFIX_PATH=/opt/ros/humble DEBUGINFOD_URLS=https://debuginfod.ubuntu.com /usr/bin/cmake /home/mili/Marvin/ros2_ws/src/custom_interfaces -DCMAKE_INSTALL_PREFIX=/home/mili/Marvin/ros2_ws/install/custom_interfaces
[0.166s] -- The C compiler identification is GNU 11.4.0
[0.222s] -- The CXX compiler identification is GNU 11.4.0
[0.229s] -- Detecting C compiler ABI info
[0.280s] -- Detecting C compiler ABI info - done
[0.285s] -- Check for working C compiler: /usr/bin/cc - skipped
[0.285s] -- Detecting C compile features
[0.285s] -- Detecting C compile features - done
[0.288s] -- Detecting CXX compiler ABI info
[0.348s] -- Detecting CXX compiler ABI info - done
[0.353s] -- Check for working CXX compiler: /usr/bin/c++ - skipped
[0.353s] -- Detecting CXX compile features
[0.353s] -- Detecting CXX compile features - done
[0.355s] -- Found ament_cmake: 1.3.7 (/opt/ros/humble/share/ament_cmake/cmake)
[0.589s] -- Found Python3: /usr/bin/python3.10 (found version "3.10.12") found components: Interpreter 
[0.663s] -- Found ament_lint_auto: 0.12.10 (/opt/ros/humble/share/ament_lint_auto/cmake)
[0.725s] -- Found geometry_msgs: 4.2.3 (/opt/ros/humble/share/geometry_msgs/cmake)
[0.757s] -- Found rosidl_generator_c: 3.1.5 (/opt/ros/humble/share/rosidl_generator_c/cmake)
[0.761s] -- Found rosidl_adapter: 3.1.5 (/opt/ros/humble/share/rosidl_adapter/cmake)
[0.769s] -- Found rosidl_generator_cpp: 3.1.5 (/opt/ros/humble/share/rosidl_generator_cpp/cmake)
[0.780s] -- Using all available rosidl_typesupport_c: rosidl_typesupport_fastrtps_c;rosidl_typesupport_introspection_c
[0.796s] -- Using all available rosidl_typesupport_cpp: rosidl_typesupport_fastrtps_cpp;rosidl_typesupport_introspection_cpp
[0.880s] -- Found rosidl_default_generators: 1.2.0 (/opt/ros/humble/share/rosidl_default_generators/cmake)
[1.030s] -- Found ament_cmake_ros: 0.10.0 (/opt/ros/humble/share/ament_cmake_ros/cmake)
[1.323s] -- Using all available rosidl_typesupport_c: rosidl_typesupport_fastrtps_c;rosidl_typesupport_introspection_c
[1.433s] -- Using all available rosidl_typesupport_cpp: rosidl_typesupport_fastrtps_cpp;rosidl_typesupport_introspection_cpp
[1.449s] -- Found PythonInterp: /usr/bin/python3 (found suitable version "3.10.12", minimum required is "3.6") 
[1.451s] -- Found python_cmake_module: 0.10.0 (/opt/ros/humble/share/python_cmake_module/cmake)
[1.470s] -- Found PythonLibs: /usr/lib/x86_64-linux-gnu/libpython3.10.so (found suitable version "3.10.12", minimum required is "3.5") 
[1.470s] -- Using PYTHON_EXECUTABLE: /usr/bin/python3
[1.470s] -- Using PYTHON_INCLUDE_DIRS: /usr/include/python3.10
[1.470s] -- Using PYTHON_LIBRARIES: /usr/lib/x86_64-linux-gnu/libpython3.10.so
[1.486s] -- Found PythonExtra: .so  
[1.528s] -- Added test 'lint_cmake' to check CMake code style
[1.529s] -- Added test 'xmllint' to check XML markup files
[1.535s] -- Configuring done
[1.567s] -- Generating done
[1.570s] -- Build files have been written to: /home/mili/Marvin/ros2_ws/build/custom_interfaces
[1.578s] Invoked command in '/home/mili/Marvin/ros2_ws/build/custom_interfaces' returned '0': CMAKE_PREFIX_PATH=/opt/ros/humble DEBUGINFOD_URLS=https://debuginfod.ubuntu.com /usr/bin/cmake /home/mili/Marvin/ros2_ws/src/custom_interfaces -DCMAKE_INSTALL_PREFIX=/home/mili/Marvin/ros2_ws/install/custom_interfaces
[1.579s] Invoking command in '/home/mili/Marvin/ros2_ws/build/custom_interfaces': CMAKE_PREFIX_PATH=/opt/ros/humble DEBUGINFOD_URLS=https://debuginfod.ubuntu.com /usr/bin/cmake --build /home/mili/Marvin/ros2_ws/build/custom_interfaces -- -j32 -l32
[1.610s] [  3%] [34m[1mGenerating C code for ROS interfaces[0m
[1.617s] [  6%] [34m[1mGenerating C++ code for ROS interfaces[0m
[1.622s] [  6%] Built target ament_cmake_python_copy_custom_interfaces
[1.767s] [  6%] Built target custom_interfaces__cpp
[1.772s] [  9%] [32mBuilding C object CMakeFiles/custom_interfaces__rosidl_generator_c.dir/rosidl_generator_c/custom_interfaces/msg/detail/pose_landmark__functions.c.o[0m
[1.772s] running egg_info
[1.772s] creating custom_interfaces.egg-info
[1.774s] [ 12%] [34m[1mGenerating C++ type support for eProsima Fast-RTPS[0m
[1.774s] [ 16%] [34m[1mGenerating C++ type support dispatch for ROS interfaces[0m
[1.775s] [ 19%] [34m[1mGenerating C++ introspection for ROS interfaces[0m
[1.787s] writing custom_interfaces.egg-info/PKG-INFO
[1.787s] writing dependency_links to custom_interfaces.egg-info/dependency_links.txt
[1.787s] writing top-level names to custom_interfaces.egg-info/top_level.txt
[1.787s] writing manifest file 'custom_interfaces.egg-info/SOURCES.txt'
[1.817s] [ 22%] [32m[1mLinking C shared library libcustom_interfaces__rosidl_generator_c.so[0m
[1.831s] reading manifest file 'custom_interfaces.egg-info/SOURCES.txt'
[1.832s] writing manifest file 'custom_interfaces.egg-info/SOURCES.txt'
[1.844s] [ 22%] Built target custom_interfaces__rosidl_generator_c
[1.851s] [ 22%] Built target ament_cmake_python_build_custom_interfaces_egg
[1.852s] [ 25%] [34m[1mGenerating C introspection for ROS interfaces[0m
[1.853s] [ 32%] [34m[1mGenerating C type support dispatch for ROS interfaces[0m
[1.853s] [ 32%] [34m[1mGenerating C type support for eProsima Fast-RTPS[0m
[1.914s] [ 35%] [32mBuilding CXX object CMakeFiles/custom_interfaces__rosidl_typesupport_cpp.dir/rosidl_typesupport_cpp/custom_interfaces/msg/pose_landmark__type_support.cpp.o[0m
[1.927s] [ 38%] [32mBuilding CXX object CMakeFiles/custom_interfaces__rosidl_typesupport_introspection_cpp.dir/rosidl_typesupport_introspection_cpp/custom_interfaces/msg/detail/pose_landmark__type_support.cpp.o[0m
[1.943s] [ 41%] [32mBuilding CXX object CMakeFiles/custom_interfaces__rosidl_typesupport_fastrtps_cpp.dir/rosidl_typesupport_fastrtps_cpp/custom_interfaces/msg/detail/dds_fastrtps/pose_landmark__type_support.cpp.o[0m
[1.994s] [ 45%] [32mBuilding CXX object CMakeFiles/custom_interfaces__rosidl_typesupport_c.dir/rosidl_typesupport_c/custom_interfaces/msg/pose_landmark__type_support.cpp.o[0m
[2.006s] [ 48%] [32mBuilding C object CMakeFiles/custom_interfaces__rosidl_typesupport_introspection_c.dir/rosidl_typesupport_introspection_c/custom_interfaces/msg/detail/pose_landmark__type_support.c.o[0m
[2.011s] [ 51%] [32mBuilding CXX object CMakeFiles/custom_interfaces__rosidl_typesupport_fastrtps_c.dir/rosidl_typesupport_fastrtps_c/custom_interfaces/msg/detail/pose_landmark__type_support_c.cpp.o[0m
[2.018s] [ 54%] [32m[1mLinking CXX shared library libcustom_interfaces__rosidl_typesupport_c.so[0m
[2.034s] [ 58%] [32m[1mLinking C shared library libcustom_interfaces__rosidl_typesupport_introspection_c.so[0m
[2.048s] [ 58%] Built target custom_interfaces__rosidl_typesupport_c
[2.058s] [ 58%] Built target custom_interfaces__rosidl_typesupport_introspection_c
[2.099s] [ 61%] [32m[1mLinking CXX shared library libcustom_interfaces__rosidl_typesupport_cpp.so[0m
[2.129s] [ 61%] Built target custom_interfaces__rosidl_typesupport_cpp
[2.172s] [ 64%] [32m[1mLinking CXX shared library libcustom_interfaces__rosidl_typesupport_introspection_cpp.so[0m
[2.195s] [ 67%] [32m[1mLinking CXX shared library libcustom_interfaces__rosidl_typesupport_fastrtps_cpp.so[0m
[2.216s] [ 67%] Built target custom_interfaces__rosidl_typesupport_introspection_cpp
[2.226s] [ 70%] [32m[1mLinking CXX shared library libcustom_interfaces__rosidl_typesupport_fastrtps_c.so[0m
[2.243s] [ 70%] Built target custom_interfaces__rosidl_typesupport_fastrtps_cpp
[2.276s] [ 70%] Built target custom_interfaces__rosidl_typesupport_fastrtps_c
[2.291s] [ 70%] Built target custom_interfaces
[2.306s] [ 74%] [34m[1mGenerating Python code for ROS interfaces[0m
[2.488s] [ 74%] Built target custom_interfaces__py
[2.502s] [ 77%] [32mBuilding C object CMakeFiles/custom_interfaces__rosidl_generator_py.dir/rosidl_generator_py/custom_interfaces/msg/_pose_landmark_s.c.o[0m
[2.587s] [ 80%] [32m[1mLinking C shared library rosidl_generator_py/custom_interfaces/libcustom_interfaces__rosidl_generator_py.so[0m
[2.617s] [ 80%] Built target custom_interfaces__rosidl_generator_py
[2.631s] [ 83%] [32mBuilding C object CMakeFiles/custom_interfaces__rosidl_typesupport_fastrtps_c__pyext.dir/rosidl_generator_py/custom_interfaces/_custom_interfaces_s.ep.rosidl_typesupport_fastrtps_c.c.o[0m
[2.632s] [ 87%] [32mBuilding C object CMakeFiles/custom_interfaces__rosidl_typesupport_introspection_c__pyext.dir/rosidl_generator_py/custom_interfaces/_custom_interfaces_s.ep.rosidl_typesupport_introspection_c.c.o[0m
[2.632s] [ 90%] [32mBuilding C object CMakeFiles/custom_interfaces__rosidl_typesupport_c__pyext.dir/rosidl_generator_py/custom_interfaces/_custom_interfaces_s.ep.rosidl_typesupport_c.c.o[0m
[2.701s] [ 96%] [32m[1mLinking C shared library rosidl_generator_py/custom_interfaces/custom_interfaces_s__rosidl_typesupport_fastrtps_c.cpython-310-x86_64-linux-gnu.so[0m
[2.702s] [ 96%] [32m[1mLinking C shared library rosidl_generator_py/custom_interfaces/custom_interfaces_s__rosidl_typesupport_introspection_c.cpython-310-x86_64-linux-gnu.so[0m
[2.704s] [100%] [32m[1mLinking C shared library rosidl_generator_py/custom_interfaces/custom_interfaces_s__rosidl_typesupport_c.cpython-310-x86_64-linux-gnu.so[0m
[2.731s] [100%] Built target custom_interfaces__rosidl_typesupport_introspection_c__pyext
[2.731s] [100%] Built target custom_interfaces__rosidl_typesupport_fastrtps_c__pyext
[2.733s] [100%] Built target custom_interfaces__rosidl_typesupport_c__pyext
[2.742s] Invoked command in '/home/mili/Marvin/ros2_ws/build/custom_interfaces' returned '0': CMAKE_PREFIX_PATH=/opt/ros/humble DEBUGINFOD_URLS=https://debuginfod.ubuntu.com /usr/bin/cmake --build /home/mili/Marvin/ros2_ws/build/custom_interfaces -- -j32 -l32
[2.792s] Invoking command in '/home/mili/Marvin/ros2_ws/build/custom_interfaces': CMAKE_PREFIX_PATH=/opt/ros/humble DEBUGINFOD_URLS=https://debuginfod.ubuntu.com /usr/bin/cmake --install /home/mili/Marvin/ros2_ws/build/custom_interfaces
[2.797s] -- Install configuration: ""
[2.798s] -- Installing: /home/mili/Marvin/ros2_ws/install/custom_interfaces/share/ament_index/resource_index/rosidl_interfaces/custom_interfaces
[2.798s] -- Installing: /home/mili/Marvin/ros2_ws/install/custom_interfaces/include/custom_interfaces/custom_interfaces
[2.798s] -- Installing: /home/mili/Marvin/ros2_ws/install/custom_interfaces/include/custom_interfaces/custom_interfaces/msg
[2.798s] -- Installing: /home/mili/Marvin/ros2_ws/install/custom_interfaces/include/custom_interfaces/custom_interfaces/msg/pose_landmark.h
[2.798s] -- Installing: /home/mili/Marvin/ros2_ws/install/custom_interfaces/include/custom_interfaces/custom_interfaces/msg/rosidl_generator_c__visibility_control.h
[2.798s] -- Installing: /home/mili/Marvin/ros2_ws/install/custom_interfaces/include/custom_interfaces/custom_interfaces/msg/detail
[2.798s] -- Installing: /home/mili/Marvin/ros2_ws/install/custom_interfaces/include/custom_interfaces/custom_interfaces/msg/detail/pose_landmark__type_support.h
[2.798s] -- Installing: /home/mili/Marvin/ros2_ws/install/custom_interfaces/include/custom_interfaces/custom_interfaces/msg/detail/pose_landmark__functions.h
[2.798s] -- Installing: /home/mili/Marvin/ros2_ws/install/custom_interfaces/include/custom_interfaces/custom_interfaces/msg/detail/pose_landmark__struct.h
[2.798s] -- Installing: /home/mili/Marvin/ros2_ws/install/custom_interfaces/include/custom_interfaces/custom_interfaces/msg/detail/pose_landmark__functions.c
[2.799s] -- Installing: /home/mili/Marvin/ros2_ws/install/custom_interfaces/share/custom_interfaces/environment/library_path.sh
[2.799s] -- Installing: /home/mili/Marvin/ros2_ws/install/custom_interfaces/share/custom_interfaces/environment/library_path.dsv
[2.799s] -- Installing: /home/mili/Marvin/ros2_ws/install/custom_interfaces/lib/libcustom_interfaces__rosidl_generator_c.so
[2.799s] -- Set runtime path of "/home/mili/Marvin/ros2_ws/install/custom_interfaces/lib/libcustom_interfaces__rosidl_generator_c.so" to ""
[2.799s] -- Up-to-date: /home/mili/Marvin/ros2_ws/install/custom_interfaces/include/custom_interfaces/custom_interfaces
[2.799s] -- Up-to-date: /home/mili/Marvin/ros2_ws/install/custom_interfaces/include/custom_interfaces/custom_interfaces/msg
[2.799s] -- Installing: /home/mili/Marvin/ros2_ws/install/custom_interfaces/include/custom_interfaces/custom_interfaces/msg/rosidl_typesupport_fastrtps_c__visibility_control.h
[2.799s] -- Up-to-date: /home/mili/Marvin/ros2_ws/install/custom_interfaces/include/custom_interfaces/custom_interfaces/msg/detail
[2.800s] -- Installing: /home/mili/Marvin/ros2_ws/install/custom_interfaces/include/custom_interfaces/custom_interfaces/msg/detail/pose_landmark__rosidl_typesupport_fastrtps_c.h
[2.800s] -- Installing: /home/mili/Marvin/ros2_ws/install/custom_interfaces/lib/libcustom_interfaces__rosidl_typesupport_fastrtps_c.so
[2.800s] -- Set runtime path of "/home/mili/Marvin/ros2_ws/install/custom_interfaces/lib/libcustom_interfaces__rosidl_typesupport_fastrtps_c.so" to ""
[2.800s] -- Up-to-date: /home/mili/Marvin/ros2_ws/install/custom_interfaces/include/custom_interfaces/custom_interfaces
[2.800s] -- Up-to-date: /home/mili/Marvin/ros2_ws/install/custom_interfaces/include/custom_interfaces/custom_interfaces/msg
[2.800s] -- Installing: /home/mili/Marvin/ros2_ws/install/custom_interfaces/include/custom_interfaces/custom_interfaces/msg/pose_landmark.hpp
[2.800s] -- Up-to-date: /home/mili/Marvin/ros2_ws/install/custom_interfaces/include/custom_interfaces/custom_interfaces/msg/detail
[2.800s] -- Installing: /home/mili/Marvin/ros2_ws/install/custom_interfaces/include/custom_interfaces/custom_interfaces/msg/detail/pose_landmark__builder.hpp
[2.800s] -- Installing: /home/mili/Marvin/ros2_ws/install/custom_interfaces/include/custom_interfaces/custom_interfaces/msg/detail/pose_landmark__struct.hpp
[2.800s] -- Installing: /home/mili/Marvin/ros2_ws/install/custom_interfaces/include/custom_interfaces/custom_interfaces/msg/detail/pose_landmark__traits.hpp
[2.800s] -- Up-to-date: /home/mili/Marvin/ros2_ws/install/custom_interfaces/include/custom_interfaces/custom_interfaces
[2.801s] -- Up-to-date: /home/mili/Marvin/ros2_ws/install/custom_interfaces/include/custom_interfaces/custom_interfaces/msg
[2.801s] -- Installing: /home/mili/Marvin/ros2_ws/install/custom_interfaces/include/custom_interfaces/custom_interfaces/msg/rosidl_typesupport_fastrtps_cpp__visibility_control.h
[2.801s] -- Up-to-date: /home/mili/Marvin/ros2_ws/install/custom_interfaces/include/custom_interfaces/custom_interfaces/msg/detail
[2.801s] -- Installing: /home/mili/Marvin/ros2_ws/install/custom_interfaces/include/custom_interfaces/custom_interfaces/msg/detail/dds_fastrtps
[2.801s] -- Installing: /home/mili/Marvin/ros2_ws/install/custom_interfaces/include/custom_interfaces/custom_interfaces/msg/detail/pose_landmark__rosidl_typesupport_fastrtps_cpp.hpp
[2.801s] -- Installing: /home/mili/Marvin/ros2_ws/install/custom_interfaces/lib/libcustom_interfaces__rosidl_typesupport_fastrtps_cpp.so
[2.801s] -- Set runtime path of "/home/mili/Marvin/ros2_ws/install/custom_interfaces/lib/libcustom_interfaces__rosidl_typesupport_fastrtps_cpp.so" to ""
[2.801s] -- Up-to-date: /home/mili/Marvin/ros2_ws/install/custom_interfaces/include/custom_interfaces/custom_interfaces
[2.801s] -- Up-to-date: /home/mili/Marvin/ros2_ws/install/custom_interfaces/include/custom_interfaces/custom_interfaces/msg
[2.801s] -- Installing: /home/mili/Marvin/ros2_ws/install/custom_interfaces/include/custom_interfaces/custom_interfaces/msg/rosidl_typesupport_introspection_c__visibility_control.h
[2.802s] -- Up-to-date: /home/mili/Marvin/ros2_ws/install/custom_interfaces/include/custom_interfaces/custom_interfaces/msg/detail
[2.802s] -- Installing: /home/mili/Marvin/ros2_ws/install/custom_interfaces/include/custom_interfaces/custom_interfaces/msg/detail/pose_landmark__rosidl_typesupport_introspection_c.h
[2.802s] -- Installing: /home/mili/Marvin/ros2_ws/install/custom_interfaces/include/custom_interfaces/custom_interfaces/msg/detail/pose_landmark__type_support.c
[2.802s] -- Installing: /home/mili/Marvin/ros2_ws/install/custom_interfaces/lib/libcustom_interfaces__rosidl_typesupport_introspection_c.so
[2.802s] -- Set runtime path of "/home/mili/Marvin/ros2_ws/install/custom_interfaces/lib/libcustom_interfaces__rosidl_typesupport_introspection_c.so" to ""
[2.802s] -- Installing: /home/mili/Marvin/ros2_ws/install/custom_interfaces/lib/libcustom_interfaces__rosidl_typesupport_c.so
[2.802s] -- Set runtime path of "/home/mili/Marvin/ros2_ws/install/custom_interfaces/lib/libcustom_interfaces__rosidl_typesupport_c.so" to ""
[2.802s] -- Up-to-date: /home/mili/Marvin/ros2_ws/install/custom_interfaces/include/custom_interfaces/custom_interfaces
[2.803s] -- Up-to-date: /home/mili/Marvin/ros2_ws/install/custom_interfaces/include/custom_interfaces/custom_interfaces/msg
[2.803s] -- Up-to-date: /home/mili/Marvin/ros2_ws/install/custom_interfaces/include/custom_interfaces/custom_interfaces/msg/detail
[2.803s] -- Installing: /home/mili/Marvin/ros2_ws/install/custom_interfaces/include/custom_interfaces/custom_interfaces/msg/detail/pose_landmark__rosidl_typesupport_introspection_cpp.hpp
[2.803s] -- Installing: /home/mili/Marvin/ros2_ws/install/custom_interfaces/include/custom_interfaces/custom_interfaces/msg/detail/pose_landmark__type_support.cpp
[2.803s] -- Installing: /home/mili/Marvin/ros2_ws/install/custom_interfaces/lib/libcustom_interfaces__rosidl_typesupport_introspection_cpp.so
[2.803s] -- Set runtime path of "/home/mili/Marvin/ros2_ws/install/custom_interfaces/lib/libcustom_interfaces__rosidl_typesupport_introspection_cpp.so" to ""
[2.803s] -- Installing: /home/mili/Marvin/ros2_ws/install/custom_interfaces/lib/libcustom_interfaces__rosidl_typesupport_cpp.so
[2.803s] -- Set runtime path of "/home/mili/Marvin/ros2_ws/install/custom_interfaces/lib/libcustom_interfaces__rosidl_typesupport_cpp.so" to ""
[2.803s] -- Installing: /home/mili/Marvin/ros2_ws/install/custom_interfaces/share/custom_interfaces/environment/pythonpath.sh
[2.804s] -- Installing: /home/mili/Marvin/ros2_ws/install/custom_interfaces/share/custom_interfaces/environment/pythonpath.dsv
[2.804s] -- Installing: /home/mili/Marvin/ros2_ws/install/custom_interfaces/local/lib/python3.10/dist-packages/custom_interfaces-0.0.0-py3.10.egg-info
[2.804s] -- Installing: /home/mili/Marvin/ros2_ws/install/custom_interfaces/local/lib/python3.10/dist-packages/custom_interfaces-0.0.0-py3.10.egg-info/SOURCES.txt
[2.804s] -- Installing: /home/mili/Marvin/ros2_ws/install/custom_interfaces/local/lib/python3.10/dist-packages/custom_interfaces-0.0.0-py3.10.egg-info/dependency_links.txt
[2.804s] -- Installing: /home/mili/Marvin/ros2_ws/install/custom_interfaces/local/lib/python3.10/dist-packages/custom_interfaces-0.0.0-py3.10.egg-info/PKG-INFO
[2.804s] -- Installing: /home/mili/Marvin/ros2_ws/install/custom_interfaces/local/lib/python3.10/dist-packages/custom_interfaces-0.0.0-py3.10.egg-info/top_level.txt
[2.804s] -- Installing: /home/mili/Marvin/ros2_ws/install/custom_interfaces/local/lib/python3.10/dist-packages/custom_interfaces
[2.804s] -- Installing: /home/mili/Marvin/ros2_ws/install/custom_interfaces/local/lib/python3.10/dist-packages/custom_interfaces/libcustom_interfaces__rosidl_generator_py.so
[2.804s] -- Installing: /home/mili/Marvin/ros2_ws/install/custom_interfaces/local/lib/python3.10/dist-packages/custom_interfaces/_custom_interfaces_s.ep.rosidl_typesupport_introspection_c.c
[2.804s] -- Installing: /home/mili/Marvin/ros2_ws/install/custom_interfaces/local/lib/python3.10/dist-packages/custom_interfaces/custom_interfaces_s__rosidl_typesupport_c.cpython-310-x86_64-linux-gnu.so
[2.805s] -- Installing: /home/mili/Marvin/ros2_ws/install/custom_interfaces/local/lib/python3.10/dist-packages/custom_interfaces/_custom_interfaces_s.ep.rosidl_typesupport_fastrtps_c.c
[2.805s] -- Installing: /home/mili/Marvin/ros2_ws/install/custom_interfaces/local/lib/python3.10/dist-packages/custom_interfaces/_custom_interfaces_s.ep.rosidl_typesupport_c.c
[2.805s] -- Installing: /home/mili/Marvin/ros2_ws/install/custom_interfaces/local/lib/python3.10/dist-packages/custom_interfaces/custom_interfaces_s__rosidl_typesupport_fastrtps_c.cpython-310-x86_64-linux-gnu.so
[2.805s] -- Installing: /home/mili/Marvin/ros2_ws/install/custom_interfaces/local/lib/python3.10/dist-packages/custom_interfaces/__init__.py
[2.805s] -- Installing: /home/mili/Marvin/ros2_ws/install/custom_interfaces/local/lib/python3.10/dist-packages/custom_interfaces/custom_interfaces_s__rosidl_typesupport_introspection_c.cpython-310-x86_64-linux-gnu.so
[2.805s] -- Installing: /home/mili/Marvin/ros2_ws/install/custom_interfaces/local/lib/python3.10/dist-packages/custom_interfaces/msg
[2.805s] -- Installing: /home/mili/Marvin/ros2_ws/install/custom_interfaces/local/lib/python3.10/dist-packages/custom_interfaces/msg/_pose_landmark_s.c
[2.805s] -- Installing: /home/mili/Marvin/ros2_ws/install/custom_interfaces/local/lib/python3.10/dist-packages/custom_interfaces/msg/_pose_landmark.py
[2.805s] -- Installing: /home/mili/Marvin/ros2_ws/install/custom_interfaces/local/lib/python3.10/dist-packages/custom_interfaces/msg/__init__.py
[2.827s] Listing '/home/mili/Marvin/ros2_ws/install/custom_interfaces/local/lib/python3.10/dist-packages/custom_interfaces'...
[2.827s] Compiling '/home/mili/Marvin/ros2_ws/install/custom_interfaces/local/lib/python3.10/dist-packages/custom_interfaces/__init__.py'...
[2.827s] Listing '/home/mili/Marvin/ros2_ws/install/custom_interfaces/local/lib/python3.10/dist-packages/custom_interfaces/msg'...
[2.828s] Compiling '/home/mili/Marvin/ros2_ws/install/custom_interfaces/local/lib/python3.10/dist-packages/custom_interfaces/msg/__init__.py'...
[2.828s] Compiling '/home/mili/Marvin/ros2_ws/install/custom_interfaces/local/lib/python3.10/dist-packages/custom_interfaces/msg/_pose_landmark.py'...
[2.830s] -- Installing: /home/mili/Marvin/ros2_ws/install/custom_interfaces/local/lib/python3.10/dist-packages/custom_interfaces/custom_interfaces_s__rosidl_typesupport_fastrtps_c.cpython-310-x86_64-linux-gnu.so
[2.830s] -- Set runtime path of "/home/mili/Marvin/ros2_ws/install/custom_interfaces/local/lib/python3.10/dist-packages/custom_interfaces/custom_interfaces_s__rosidl_typesupport_fastrtps_c.cpython-310-x86_64-linux-gnu.so" to ""
[2.831s] -- Installing: /home/mili/Marvin/ros2_ws/install/custom_interfaces/local/lib/python3.10/dist-packages/custom_interfaces/custom_interfaces_s__rosidl_typesupport_introspection_c.cpython-310-x86_64-linux-gnu.so
[2.831s] -- Set runtime path of "/home/mili/Marvin/ros2_ws/install/custom_interfaces/local/lib/python3.10/dist-packages/custom_interfaces/custom_interfaces_s__rosidl_typesupport_introspection_c.cpython-310-x86_64-linux-gnu.so" to ""
[2.831s] -- Installing: /home/mili/Marvin/ros2_ws/install/custom_interfaces/local/lib/python3.10/dist-packages/custom_interfaces/custom_interfaces_s__rosidl_typesupport_c.cpython-310-x86_64-linux-gnu.so
[2.831s] -- Set runtime path of "/home/mili/Marvin/ros2_ws/install/custom_interfaces/local/lib/python3.10/dist-packages/custom_interfaces/custom_interfaces_s__rosidl_typesupport_c.cpython-310-x86_64-linux-gnu.so" to ""
[2.831s] -- Installing: /home/mili/Marvin/ros2_ws/install/custom_interfaces/lib/libcustom_interfaces__rosidl_generator_py.so
[2.832s] -- Set runtime path of "/home/mili/Marvin/ros2_ws/install/custom_interfaces/lib/libcustom_interfaces__rosidl_generator_py.so" to ""
[2.832s] -- Installing: /home/mili/Marvin/ros2_ws/install/custom_interfaces/share/custom_interfaces/msg/PoseLandmark.idl
[2.832s] -- Installing: /home/mili/Marvin/ros2_ws/install/custom_interfaces/share/custom_interfaces/msg/PoseLandmark.msg
[2.832s] -- Installing: /home/mili/Marvin/ros2_ws/install/custom_interfaces/share/ament_index/resource_index/package_run_dependencies/custom_interfaces
[2.832s] -- Installing: /home/mili/Marvin/ros2_ws/install/custom_interfaces/share/ament_index/resource_index/parent_prefix_path/custom_interfaces
[2.832s] -- Installing: /home/mili/Marvin/ros2_ws/install/custom_interfaces/share/custom_interfaces/environment/ament_prefix_path.sh
[2.832s] -- Installing: /home/mili/Marvin/ros2_ws/install/custom_interfaces/share/custom_interfaces/environment/ament_prefix_path.dsv
[2.833s] -- Installing: /home/mili/Marvin/ros2_ws/install/custom_interfaces/share/custom_interfaces/environment/path.sh
[2.833s] -- Installing: /home/mili/Marvin/ros2_ws/install/custom_interfaces/share/custom_interfaces/environment/path.dsv
[2.833s] -- Installing: /home/mili/Marvin/ros2_ws/install/custom_interfaces/share/custom_interfaces/local_setup.bash
[2.833s] -- Installing: /home/mili/Marvin/ros2_ws/install/custom_interfaces/share/custom_interfaces/local_setup.sh
[2.833s] -- Installing: /home/mili/Marvin/ros2_ws/install/custom_interfaces/share/custom_interfaces/local_setup.zsh
[2.833s] -- Installing: /home/mili/Marvin/ros2_ws/install/custom_interfaces/share/custom_interfaces/local_setup.dsv
[2.833s] -- Installing: /home/mili/Marvin/ros2_ws/install/custom_interfaces/share/custom_interfaces/package.dsv
[2.833s] -- Installing: /home/mili/Marvin/ros2_ws/install/custom_interfaces/share/ament_index/resource_index/packages/custom_interfaces
[2.834s] -- Installing: /home/mili/Marvin/ros2_ws/install/custom_interfaces/share/custom_interfaces/cmake/export_custom_interfaces__rosidl_generator_cExport.cmake
[2.834s] -- Installing: /home/mili/Marvin/ros2_ws/install/custom_interfaces/share/custom_interfaces/cmake/export_custom_interfaces__rosidl_generator_cExport-noconfig.cmake
[2.834s] -- Installing: /home/mili/Marvin/ros2_ws/install/custom_interfaces/share/custom_interfaces/cmake/export_custom_interfaces__rosidl_typesupport_fastrtps_cExport.cmake
[2.834s] -- Installing: /home/mili/Marvin/ros2_ws/install/custom_interfaces/share/custom_interfaces/cmake/export_custom_interfaces__rosidl_typesupport_fastrtps_cExport-noconfig.cmake
[2.834s] -- Installing: /home/mili/Marvin/ros2_ws/install/custom_interfaces/share/custom_interfaces/cmake/export_custom_interfaces__rosidl_generator_cppExport.cmake
[2.834s] -- Installing: /home/mili/Marvin/ros2_ws/install/custom_interfaces/share/custom_interfaces/cmake/export_custom_interfaces__rosidl_typesupport_fastrtps_cppExport.cmake
[2.834s] -- Installing: /home/mili/Marvin/ros2_ws/install/custom_interfaces/share/custom_interfaces/cmake/export_custom_interfaces__rosidl_typesupport_fastrtps_cppExport-noconfig.cmake
[2.834s] -- Installing: /home/mili/Marvin/ros2_ws/install/custom_interfaces/share/custom_interfaces/cmake/custom_interfaces__rosidl_typesupport_introspection_cExport.cmake
[2.835s] -- Installing: /home/mili/Marvin/ros2_ws/install/custom_interfaces/share/custom_interfaces/cmake/custom_interfaces__rosidl_typesupport_introspection_cExport-noconfig.cmake
[2.835s] -- Installing: /home/mili/Marvin/ros2_ws/install/custom_interfaces/share/custom_interfaces/cmake/custom_interfaces__rosidl_typesupport_cExport.cmake
[2.835s] -- Installing: /home/mili/Marvin/ros2_ws/install/custom_interfaces/share/custom_interfaces/cmake/custom_interfaces__rosidl_typesupport_cExport-noconfig.cmake
[2.835s] -- Installing: /home/mili/Marvin/ros2_ws/install/custom_interfaces/share/custom_interfaces/cmake/custom_interfaces__rosidl_typesupport_introspection_cppExport.cmake
[2.835s] -- Installing: /home/mili/Marvin/ros2_ws/install/custom_interfaces/share/custom_interfaces/cmake/custom_interfaces__rosidl_typesupport_introspection_cppExport-noconfig.cmake
[2.835s] -- Installing: /home/mili/Marvin/ros2_ws/install/custom_interfaces/share/custom_interfaces/cmake/custom_interfaces__rosidl_typesupport_cppExport.cmake
[2.835s] -- Installing: /home/mili/Marvin/ros2_ws/install/custom_interfaces/share/custom_interfaces/cmake/custom_interfaces__rosidl_typesupport_cppExport-noconfig.cmake
[2.835s] -- Installing: /home/mili/Marvin/ros2_ws/install/custom_interfaces/share/custom_interfaces/cmake/export_custom_interfaces__rosidl_generator_pyExport.cmake
[2.836s] -- Installing: /home/mili/Marvin/ros2_ws/install/custom_interfaces/share/custom_interfaces/cmake/export_custom_interfaces__rosidl_generator_pyExport-noconfig.cmake
[2.836s] -- Installing: /home/mili/Marvin/ros2_ws/install/custom_interfaces/share/custom_interfaces/cmake/rosidl_cmake-extras.cmake
[2.836s] -- Installing: /home/mili/Marvin/ros2_ws/install/custom_interfaces/share/custom_interfaces/cmake/ament_cmake_export_dependencies-extras.cmake
[2.836s] -- Installing: /home/mili/Marvin/ros2_ws/install/custom_interfaces/share/custom_interfaces/cmake/ament_cmake_export_include_directories-extras.cmake
[2.836s] -- Installing: /home/mili/Marvin/ros2_ws/install/custom_interfaces/share/custom_interfaces/cmake/ament_cmake_export_libraries-extras.cmake
[2.836s] -- Installing: /home/mili/Marvin/ros2_ws/install/custom_interfaces/share/custom_interfaces/cmake/ament_cmake_export_targets-extras.cmake
[2.836s] -- Installing: /home/mili/Marvin/ros2_ws/install/custom_interfaces/share/custom_interfaces/cmake/rosidl_cmake_export_typesupport_targets-extras.cmake
[2.836s] -- Installing: /home/mili/Marvin/ros2_ws/install/custom_interfaces/share/custom_interfaces/cmake/rosidl_cmake_export_typesupport_libraries-extras.cmake
[2.837s] -- Installing: /home/mili/Marvin/ros2_ws/install/custom_interfaces/share/custom_interfaces/cmake/custom_interfacesConfig.cmake
[2.837s] -- Installing: /home/mili/Marvin/ros2_ws/install/custom_interfaces/share/custom_interfaces/cmake/custom_interfacesConfig-version.cmake
[2.837s] -- Installing: /home/mili/Marvin/ros2_ws/install/custom_interfaces/share/custom_interfaces/package.xml
[2.839s] Invoked command in '/home/mili/Marvin/ros2_ws/build/custom_interfaces' returned '0': CMAKE_PREFIX_PATH=/opt/ros/humble DEBUGINFOD_URLS=https://debuginfod.ubuntu.com /usr/bin/cmake --install /home/mili/Marvin/ros2_ws/build/custom_interfaces
