[0.704s] Invoking command in '/home/mili/Marvin/ros2_ws/src/py_pubsub': DEBUGINFOD_URLS=https://debuginfod.ubuntu.com PYTHONPATH=/home/mili/Marvin/ros2_ws/build/py_pubsub/prefix_override:/home/mili/Marvin/ros2_ws/install/py_pubsub/lib/python3.10/site-packages:${PYTHONPATH} /usr/bin/python3 setup.py egg_info --egg-base ../../build/py_pubsub build --build-base /home/mili/Marvin/ros2_ws/build/py_pubsub/build install --record /home/mili/Marvin/ros2_ws/build/py_pubsub/install.log --single-version-externally-managed
[0.868s] running egg_info
[0.868s] creating ../../build/py_pubsub/py_pubsub.egg-info
[0.881s] writing ../../build/py_pubsub/py_pubsub.egg-info/PKG-INFO
[0.881s] writing dependency_links to ../../build/py_pubsub/py_pubsub.egg-info/dependency_links.txt
[0.881s] writing entry points to ../../build/py_pubsub/py_pubsub.egg-info/entry_points.txt
[0.881s] writing requirements to ../../build/py_pubsub/py_pubsub.egg-info/requires.txt
[0.881s] writing top-level names to ../../build/py_pubsub/py_pubsub.egg-info/top_level.txt
[0.881s] writing manifest file '../../build/py_pubsub/py_pubsub.egg-info/SOURCES.txt'
[0.908s] reading manifest file '../../build/py_pubsub/py_pubsub.egg-info/SOURCES.txt'
[0.908s] adding license file 'LICENSE'
[0.908s] writing manifest file '../../build/py_pubsub/py_pubsub.egg-info/SOURCES.txt'
[0.909s] running build
[0.909s] running build_py
[0.909s] creating /home/mili/Marvin/ros2_ws/build/py_pubsub/build
[0.909s] creating /home/mili/Marvin/ros2_ws/build/py_pubsub/build/lib
[0.909s] creating /home/mili/Marvin/ros2_ws/build/py_pubsub/build/lib/py_pubsub
[0.917s] copying py_pubsub/__init__.py -> /home/mili/Marvin/ros2_ws/build/py_pubsub/build/lib/py_pubsub
[0.917s] copying py_pubsub/subscriber_member_function.py -> /home/mili/Marvin/ros2_ws/build/py_pubsub/build/lib/py_pubsub
[0.917s] copying py_pubsub/publisher_member_function.py -> /home/mili/Marvin/ros2_ws/build/py_pubsub/build/lib/py_pubsub
[0.917s] running install
[0.918s] /home/mili/.local/lib/python3.10/site-packages/setuptools/_distutils/cmd.py:66: SetuptoolsDeprecationWarning: setup.py install is deprecated.
[0.918s] !!
[0.918s] 
[0.918s]         ********************************************************************************
[0.918s]         Please avoid running ``setup.py`` directly.
[0.918s]         Instead, use pypa/build, pypa/installer or other
[0.918s]         standards-based tools.
[0.918s] 
[0.918s]         See https://blog.ganssle.io/articles/2021/10/setup-py-deprecated.html for details.
[0.918s]         ********************************************************************************
[0.918s] 
[0.918s] !!
[0.918s]   self.initialize_options()
[0.921s] running install_lib
[0.934s] creating /home/mili/Marvin/ros2_ws/install/py_pubsub/lib/python3.10/site-packages/py_pubsub
[0.934s] copying /home/mili/Marvin/ros2_ws/build/py_pubsub/build/lib/py_pubsub/__init__.py -> /home/mili/Marvin/ros2_ws/install/py_pubsub/lib/python3.10/site-packages/py_pubsub
[0.934s] copying /home/mili/Marvin/ros2_ws/build/py_pubsub/build/lib/py_pubsub/subscriber_member_function.py -> /home/mili/Marvin/ros2_ws/install/py_pubsub/lib/python3.10/site-packages/py_pubsub
[0.934s] copying /home/mili/Marvin/ros2_ws/build/py_pubsub/build/lib/py_pubsub/publisher_member_function.py -> /home/mili/Marvin/ros2_ws/install/py_pubsub/lib/python3.10/site-packages/py_pubsub
[0.935s] byte-compiling /home/mili/Marvin/ros2_ws/install/py_pubsub/lib/python3.10/site-packages/py_pubsub/__init__.py to __init__.cpython-310.pyc
[0.935s] byte-compiling /home/mili/Marvin/ros2_ws/install/py_pubsub/lib/python3.10/site-packages/py_pubsub/subscriber_member_function.py to subscriber_member_function.cpython-310.pyc
[0.935s] byte-compiling /home/mili/Marvin/ros2_ws/install/py_pubsub/lib/python3.10/site-packages/py_pubsub/publisher_member_function.py to publisher_member_function.cpython-310.pyc
[0.935s] running install_data
[0.949s] creating /home/mili/Marvin/ros2_ws/install/py_pubsub/share/ament_index
[0.949s] creating /home/mili/Marvin/ros2_ws/install/py_pubsub/share/ament_index/resource_index
[0.949s] creating /home/mili/Marvin/ros2_ws/install/py_pubsub/share/ament_index/resource_index/packages
[0.949s] copying resource/py_pubsub -> /home/mili/Marvin/ros2_ws/install/py_pubsub/share/ament_index/resource_index/packages
[0.949s] copying package.xml -> /home/mili/Marvin/ros2_ws/install/py_pubsub/share/py_pubsub
[0.949s] running install_egg_info
[0.963s] Copying ../../build/py_pubsub/py_pubsub.egg-info to /home/mili/Marvin/ros2_ws/install/py_pubsub/lib/python3.10/site-packages/py_pubsub-0.0.0-py3.10.egg-info
[0.963s] running install_scripts
[1.084s] Installing listener script to /home/mili/Marvin/ros2_ws/install/py_pubsub/lib/py_pubsub
[1.084s] Installing talker script to /home/mili/Marvin/ros2_ws/install/py_pubsub/lib/py_pubsub
[1.084s] writing list of installed files to '/home/mili/Marvin/ros2_ws/build/py_pubsub/install.log'
[1.097s] Invoked command in '/home/mili/Marvin/ros2_ws/src/py_pubsub' returned '0': DEBUGINFOD_URLS=https://debuginfod.ubuntu.com PYTHONPATH=/home/mili/Marvin/ros2_ws/build/py_pubsub/prefix_override:/home/mili/Marvin/ros2_ws/install/py_pubsub/lib/python3.10/site-packages:${PYTHONPATH} /usr/bin/python3 setup.py egg_info --egg-base ../../build/py_pubsub build --build-base /home/mili/Marvin/ros2_ws/build/py_pubsub/build install --record /home/mili/Marvin/ros2_ws/build/py_pubsub/install.log --single-version-externally-managed
